This is XeTeX, Version 3.141592653-2.6-0.999997 (TeX Live 2025) (preloaded format=xelatex 2026.2.9)  29 MAY 2026 18:23
entering extended mode
 restricted \write18 enabled.
 file:line:error style messages enabled.
 %&-line parsing enabled.
**/Users/federico/magistrale/PM/liveshare/report_build/notebook
(/Users/federico/magistrale/PM/liveshare/report_build/notebook.tex
LaTeX2e <2024-11-01> patch level 2
L3 programming layer <2025-01-18>
(/usr/local/texlive/2025/texmf-dist/tex/latex/base/article.cls
Document Class: article 2024/06/29 v1.4n Standard LaTeX document class
(/usr/local/texlive/2025/texmf-dist/tex/latex/base/size11.clo
File: size11.clo 2024/06/29 v1.4n Standard LaTeX file (size option)
)
\c@part=\count192
\c@section=\count193
\c@subsection=\count194
\c@subsubsection=\count195
\c@paragraph=\count196
\c@subparagraph=\count197
\c@figure=\count198
\c@table=\count199
\abovecaptionskip=\skip49
\belowcaptionskip=\skip50
\bibindent=\dimen141
) (/usr/local/texlive/2025/texmf-dist/tex/latex/fontspec/fontspec.sty (/usr/local/texlive/2025/texmf-dist/tex/latex/l3packages/xparse/xparse.sty (/usr/local/texlive/2025/texmf-dist/tex/latex/l3kernel/expl3.sty
Package: expl3 2025-01-18 L3 programming layer (loader) 
 (/usr/local/texlive/2025/texmf-dist/tex/latex/l3backend/l3backend-xetex.def
File: l3backend-xetex.def 2024-05-08 L3 backend support: XeTeX
\g__graphics_track_int=\count266
\l__pdf_internal_box=\box52
\g__pdf_backend_annotation_int=\count267
\g__pdf_backend_link_int=\count268
))
Package: xparse 2024-08-16 L3 Experimental document command parser
)
Package: fontspec 2024/05/11 v2.9e Font selection for XeLaTeX and LuaLaTeX
 (/usr/local/texlive/2025/texmf-dist/tex/latex/fontspec/fontspec-xetex.sty
Package: fontspec-xetex 2024/05/11 v2.9e Font selection for XeLaTeX and LuaLaTeX
\l__fontspec_script_int=\count269
\l__fontspec_language_int=\count270
\l__fontspec_strnum_int=\count271
\l__fontspec_tmp_int=\count272
\l__fontspec_tmpa_int=\count273
\l__fontspec_tmpb_int=\count274
\l__fontspec_tmpc_int=\count275
\l__fontspec_em_int=\count276
\l__fontspec_emdef_int=\count277
\l__fontspec_strong_int=\count278
\l__fontspec_strongdef_int=\count279
\l__fontspec_tmpa_dim=\dimen142
\l__fontspec_tmpb_dim=\dimen143
\l__fontspec_tmpc_dim=\dimen144
 (/usr/local/texlive/2025/texmf-dist/tex/latex/base/fontenc.sty
Package: fontenc 2021/04/29 v2.0v Standard LaTeX package
) (/usr/local/texlive/2025/texmf-dist/tex/latex/fontspec/fontspec.cfg))) (/usr/local/texlive/2025/texmf-dist/tex/generic/babel/babel.sty
Package: babel 2025/02/14 v25.4 The multilingual framework for pdfLaTeX, LuaLaTeX and XeLaTeX
\babel@savecnt=\count280
\U@D=\dimen145
\l@unhyphenated=\language90
 (/usr/local/texlive/2025/texmf-dist/tex/generic/babel/xebabel.def)
\bbl@readstream=\read2
\bbl@dirlevel=\count281
 (/usr/local/texlive/2025/texmf-dist/tex/generic/babel-italian/italian.ldf
Language: italian 2024/10/10 v.1.5.01 Italian support for the babel system
\it@lettering=\count282
\it@doublequoteactive=\count283
\it@ISOcompliance=\count284
)) (/usr/local/texlive/2025/texmf-dist/tex/generic/babel/locale/it/babel-italian.tex
Package babel Info: Importing font and identification data for italian
(babel)             from babel-it.ini. Reported on input line 11.
) (/usr/local/texlive/2025/texmf-dist/tex/latex/etoolbox/etoolbox.sty
Package: etoolbox 2025/02/11 v2.5l e-TeX tools for LaTeX (JAW)
\etb@tempcnta=\count285
) (/usr/local/texlive/2025/texmf-dist/tex/latex/amsmath/amsmath.sty
Package: amsmath 2024/11/05 v2.17t AMS math features
\@mathmargin=\skip51

For additional information on amsmath, use the `?' option.
(/usr/local/texlive/2025/texmf-dist/tex/latex/amsmath/amstext.sty
Package: amstext 2021/08/26 v2.01 AMS text
 (/usr/local/texlive/2025/texmf-dist/tex/latex/amsmath/amsgen.sty
File: amsgen.sty 1999/11/30 v2.0 generic functions
\@emptytoks=\toks17
\ex@=\dimen146
)) (/usr/local/texlive/2025/texmf-dist/tex/latex/amsmath/amsbsy.sty
Package: amsbsy 1999/11/29 v1.2d Bold Symbols
\pmbraise@=\dimen147
) (/usr/local/texlive/2025/texmf-dist/tex/latex/amsmath/amsopn.sty
Package: amsopn 2022/04/08 v2.04 operator names
)
\inf@bad=\count286
LaTeX Info: Redefining \frac on input line 233.
\uproot@=\count287
\leftroot@=\count288
LaTeX Info: Redefining \overline on input line 398.
LaTeX Info: Redefining \colon on input line 409.
\classnum@=\count289
\DOTSCASE@=\count290
LaTeX Info: Redefining \ldots on input line 495.
LaTeX Info: Redefining \dots on input line 498.
LaTeX Info: Redefining \cdots on input line 619.
\Mathstrutbox@=\box53
\strutbox@=\box54
LaTeX Info: Redefining \big on input line 721.
LaTeX Info: Redefining \Big on input line 722.
LaTeX Info: Redefining \bigg on input line 723.
LaTeX Info: Redefining \Bigg on input line 724.
\big@size=\dimen148
LaTeX Font Info:    Redeclaring font encoding OML on input line 742.
LaTeX Font Info:    Redeclaring font encoding OMS on input line 743.
\macc@depth=\count291
LaTeX Info: Redefining \bmod on input line 904.
LaTeX Info: Redefining \pmod on input line 909.
LaTeX Info: Redefining \smash on input line 939.
LaTeX Info: Redefining \relbar on input line 969.
LaTeX Info: Redefining \Relbar on input line 970.
\c@MaxMatrixCols=\count292
\dotsspace@=\muskip17
\c@parentequation=\count293
\dspbrk@lvl=\count294
\tag@help=\toks18
\row@=\count295
\column@=\count296
\maxfields@=\count297
\andhelp@=\toks19
\eqnshift@=\dimen149
\alignsep@=\dimen150
\tagshift@=\dimen151
\tagwidth@=\dimen152
\totwidth@=\dimen153
\lineht@=\dimen154
\@envbody=\toks20
\multlinegap=\skip52
\multlinetaggap=\skip53
\mathdisplay@stack=\toks21
LaTeX Info: Redefining \[ on input line 2953.
LaTeX Info: Redefining \] on input line 2954.
) (/usr/local/texlive/2025/texmf-dist/tex/latex/geometry/geometry.sty
Package: geometry 2020/01/02 v5.9 Page Geometry
 (/usr/local/texlive/2025/texmf-dist/tex/latex/graphics/keyval.sty
Package: keyval 2022/05/29 v1.15 key=value parser (DPC)
\KV@toks@=\toks22
) (/usr/local/texlive/2025/texmf-dist/tex/generic/iftex/ifvtex.sty
Package: ifvtex 2019/10/25 v1.7 ifvtex legacy package. Use iftex instead.
 (/usr/local/texlive/2025/texmf-dist/tex/generic/iftex/iftex.sty
Package: iftex 2024/12/12 v1.0g TeX engine tests
))
\Gm@cnth=\count298
\Gm@cntv=\count299
\c@Gm@tempcnt=\count300
\Gm@bindingoffset=\dimen155
\Gm@wd@mp=\dimen156
\Gm@odd@mp=\dimen157
\Gm@even@mp=\dimen158
\Gm@layoutwidth=\dimen159
\Gm@layoutheight=\dimen160
\Gm@layouthoffset=\dimen161
\Gm@layoutvoffset=\dimen162
\Gm@dimlist=\toks23
) (/usr/local/texlive/2025/texmf-dist/tex/latex/xcolor/xcolor.sty
Package: xcolor 2024/09/29 v3.02 LaTeX color extensions (UK)
 (/usr/local/texlive/2025/texmf-dist/tex/latex/graphics-cfg/color.cfg
File: color.cfg 2016/01/02 v1.6 sample color configuration
)
Package xcolor Info: Driver file: xetex.def on input line 274.
 (/usr/local/texlive/2025/texmf-dist/tex/latex/graphics-def/xetex.def
File: xetex.def 2022/09/22 v5.0n Graphics/color driver for xetex
) (/usr/local/texlive/2025/texmf-dist/tex/latex/graphics/mathcolor.ltx)
Package xcolor Info: Model `cmy' substituted by `cmy0' on input line 1349.
Package xcolor Info: Model `RGB' extended on input line 1365.
Package xcolor Info: Model `HTML' substituted by `rgb' on input line 1367.
Package xcolor Info: Model `Hsb' substituted by `hsb' on input line 1368.
Package xcolor Info: Model `tHsb' substituted by `hsb' on input line 1369.
Package xcolor Info: Model `HSB' substituted by `hsb' on input line 1370.
Package xcolor Info: Model `Gray' substituted by `gray' on input line 1371.
Package xcolor Info: Model `wave' substituted by `hsb' on input line 1372.
) (/usr/local/texlive/2025/texmf-dist/tex/latex/graphics/graphicx.sty
Package: graphicx 2021/09/16 v1.2d Enhanced LaTeX Graphics (DPC,SPQR)
 (/usr/local/texlive/2025/texmf-dist/tex/latex/graphics/graphics.sty
Package: graphics 2024/08/06 v1.4g Standard LaTeX Graphics (DPC,SPQR)
 (/usr/local/texlive/2025/texmf-dist/tex/latex/graphics/trig.sty
Package: trig 2023/12/02 v1.11 sin cos tan (DPC)
) (/usr/local/texlive/2025/texmf-dist/tex/latex/graphics-cfg/graphics.cfg
File: graphics.cfg 2016/06/04 v1.11 sample graphics configuration
)
Package graphics Info: Driver file: xetex.def on input line 106.
)
\Gin@req@height=\dimen163
\Gin@req@width=\dimen164
) (/usr/local/texlive/2025/texmf-dist/tex/latex/tools/longtable.sty
Package: longtable 2024-10-27 v4.22 Multi-page Table package (DPC)
\LTleft=\skip54
\LTright=\skip55
\LTpre=\skip56
\LTpost=\skip57
\LTchunksize=\count301
\LTcapwidth=\dimen165
\LT@head=\box55
\LT@firsthead=\box56
\LT@foot=\box57
\LT@lastfoot=\box58
\LT@gbox=\box59
\LT@cols=\count302
\LT@rows=\count303
\c@LT@tables=\count304
\c@LT@chunks=\count305
\LT@p@ftn=\toks24
) (/usr/local/texlive/2025/texmf-dist/tex/latex/booktabs/booktabs.sty
Package: booktabs 2020/01/12 v1.61803398 Publication quality tables
\heavyrulewidth=\dimen166
\lightrulewidth=\dimen167
\cmidrulewidth=\dimen168
\belowrulesep=\dimen169
\belowbottomsep=\dimen170
\aboverulesep=\dimen171
\abovetopsep=\dimen172
\cmidrulesep=\dimen173
\cmidrulekern=\dimen174
\defaultaddspace=\dimen175
\@cmidla=\count306
\@cmidlb=\count307
\@aboverulesep=\dimen176
\@belowrulesep=\dimen177
\@thisruleclass=\count308
\@lastruleclass=\count309
\@thisrulewidth=\dimen178
) (/usr/local/texlive/2025/texmf-dist/tex/latex/tools/array.sty
Package: array 2024/10/17 v2.6g Tabular extension package (FMi)
\col@sep=\dimen179
\ar@mcellbox=\box60
\extrarowheight=\dimen180
\NC@list=\toks25
\extratabsurround=\skip58
\backup@length=\skip59
\ar@cellbox=\box61
) (/usr/local/texlive/2025/texmf-dist/tex/latex/multirow/multirow.sty
Package: multirow 2024/11/12 v2.9 Span multiple rows of a table
\multirow@colwidth=\skip60
\multirow@cntb=\count310
\multirow@dima=\skip61
\bigstrutjot=\dimen181
) (/usr/local/texlive/2025/texmf-dist/tex/latex/tools/calc.sty
Package: calc 2023/07/08 v4.3 Infix arithmetic (KKT,FJ)
\calc@Acount=\count311
\calc@Bcount=\count312
\calc@Adimen=\dimen182
\calc@Bdimen=\dimen183
\calc@Askip=\skip62
\calc@Bskip=\skip63
LaTeX Info: Redefining \setlength on input line 80.
LaTeX Info: Redefining \addtolength on input line 81.
\calc@Ccount=\count313
\calc@Cskip=\skip64
) (/usr/local/texlive/2025/texmf-dist/tex/latex/colortbl/colortbl.sty
Package: colortbl 2024/07/06 v1.0i Color table columns (DPC)
\everycr=\toks26
\minrowclearance=\skip65
\rownum=\count314
) (/usr/local/texlive/2025/texmf-dist/tex/latex/pdflscape/pdflscape.sty
Package: pdflscape 2022-10-27 v0.13 Display of landscape pages in PDF
 (/usr/local/texlive/2025/texmf-dist/tex/latex/pdflscape/pdflscape-nometadata.sty
Package: pdflscape-nometadata 2022-10-28 v0.13 Display of landscape pages in PDF (HO)
 (/usr/local/texlive/2025/texmf-dist/tex/latex/graphics/lscape.sty
Package: lscape 2020/05/28 v3.02 Landscape Pages (DPC)
)
Package pdflscape Info: Auto-detected driver: dvipdfm (xetex) on input line 98.
)) (/usr/local/texlive/2025/texmf-dist/tex/latex/enumitem/enumitem.sty
Package: enumitem 2025/02/06 v3.11 Customized lists
\labelindent=\skip66
\enit@outerparindent=\dimen184
\enit@toks=\toks27
\enit@inbox=\box62
\enit@count@id=\count315
\enitdp@description=\count316
) (/usr/local/texlive/2025/texmf-dist/tex/latex/titlesec/titlesec.sty
Package: titlesec 2025/01/04 v2.17 Sectioning titles
\ttl@box=\box63
\beforetitleunit=\skip67
\aftertitleunit=\skip68
\ttl@plus=\dimen185
\ttl@minus=\dimen186
\ttl@toksa=\toks28
\titlewidth=\dimen187
\titlewidthlast=\dimen188
\titlewidthfirst=\dimen189
) (/usr/local/texlive/2025/texmf-dist/tex/latex/fancyhdr/fancyhdr.sty
Package: fancyhdr 2025/02/07 v5.2 Extensive control of page headers and footers
\f@nch@headwidth=\skip69
\f@nch@offset@elh=\skip70
\f@nch@offset@erh=\skip71
\f@nch@offset@olh=\skip72
\f@nch@offset@orh=\skip73
\f@nch@offset@elf=\skip74
\f@nch@offset@erf=\skip75
\f@nch@offset@olf=\skip76
\f@nch@offset@orf=\skip77
\f@nch@height=\skip78
\f@nch@footalignment=\skip79
\f@nch@widthL=\skip80
\f@nch@widthC=\skip81
\f@nch@widthR=\skip82
\@temptokenb=\toks29
) (/usr/local/texlive/2025/texmf-dist/tex/latex/tocloft/tocloft.sty
Package: tocloft 2017/08/31 v2.3i parameterised ToC, etc., typesetting
Package tocloft Info: The document has section divisions on input line 51.
\cftparskip=\skip83
\cftbeforetoctitleskip=\skip84
\cftaftertoctitleskip=\skip85
\cftbeforepartskip=\skip86
\cftpartnumwidth=\skip87
\cftpartindent=\skip88
\cftbeforesecskip=\skip89
\cftsecindent=\skip90
\cftsecnumwidth=\skip91
\cftbeforesubsecskip=\skip92
\cftsubsecindent=\skip93
\cftsubsecnumwidth=\skip94
\cftbeforesubsubsecskip=\skip95
\cftsubsubsecindent=\skip96
\cftsubsubsecnumwidth=\skip97
\cftbeforeparaskip=\skip98
\cftparaindent=\skip99
\cftparanumwidth=\skip100
\cftbeforesubparaskip=\skip101
\cftsubparaindent=\skip102
\cftsubparanumwidth=\skip103
\cftbeforeloftitleskip=\skip104
\cftafterloftitleskip=\skip105
\cftbeforefigskip=\skip106
\cftfigindent=\skip107
\cftfignumwidth=\skip108
\c@lofdepth=\count317
\c@lotdepth=\count318
\cftbeforelottitleskip=\skip109
\cftafterlottitleskip=\skip110
\cftbeforetabskip=\skip111
\cfttabindent=\skip112
\cfttabnumwidth=\skip113
) (/usr/local/texlive/2025/texmf-dist/tex/latex/newunicodechar/newunicodechar.sty
Package: newunicodechar 2018/04/08 v1.2 Defining Unicode characters
) (/usr/local/texlive/2025/texmf-dist/tex/latex/hyperref/hyperref.sty
Package: hyperref 2024-11-05 v7.01l Hypertext links for LaTeX
 (/usr/local/texlive/2025/texmf-dist/tex/latex/kvsetkeys/kvsetkeys.sty
Package: kvsetkeys 2022-10-05 v1.19 Key value parser (HO)
) (/usr/local/texlive/2025/texmf-dist/tex/generic/kvdefinekeys/kvdefinekeys.sty
Package: kvdefinekeys 2019-12-19 v1.6 Define keys (HO)
) (/usr/local/texlive/2025/texmf-dist/tex/generic/pdfescape/pdfescape.sty
Package: pdfescape 2019/12/09 v1.15 Implements pdfTeX's escape features (HO)
 (/usr/local/texlive/2025/texmf-dist/tex/generic/ltxcmds/ltxcmds.sty
Package: ltxcmds 2023-12-04 v1.26 LaTeX kernel commands for general use (HO)
) (/usr/local/texlive/2025/texmf-dist/tex/generic/pdftexcmds/pdftexcmds.sty
Package: pdftexcmds 2020-06-27 v0.33 Utility functions of pdfTeX for LuaTeX (HO)
 (/usr/local/texlive/2025/texmf-dist/tex/generic/infwarerr/infwarerr.sty
Package: infwarerr 2019/12/03 v1.5 Providing info/warning/error messages (HO)
)
Package pdftexcmds Info: \pdf@primitive is available.
Package pdftexcmds Info: \pdf@ifprimitive is available.
Package pdftexcmds Info: \pdfdraftmode not found.
)) (/usr/local/texlive/2025/texmf-dist/tex/latex/hycolor/hycolor.sty
Package: hycolor 2020-01-27 v1.10 Color options for hyperref/bookmark (HO)
) (/usr/local/texlive/2025/texmf-dist/tex/latex/hyperref/nameref.sty
Package: nameref 2023-11-26 v2.56 Cross-referencing by name of section
 (/usr/local/texlive/2025/texmf-dist/tex/latex/refcount/refcount.sty
Package: refcount 2019/12/15 v3.6 Data extraction from label references (HO)
) (/usr/local/texlive/2025/texmf-dist/tex/generic/gettitlestring/gettitlestring.sty
Package: gettitlestring 2019/12/15 v1.6 Cleanup title references (HO)
 (/usr/local/texlive/2025/texmf-dist/tex/latex/kvoptions/kvoptions.sty
Package: kvoptions 2022-06-15 v3.15 Key value format for package options (HO)
))
\c@section@level=\count319
) (/usr/local/texlive/2025/texmf-dist/tex/generic/stringenc/stringenc.sty
Package: stringenc 2019/11/29 v1.12 Convert strings between diff. encodings (HO)
)
\@linkdim=\dimen190
\Hy@linkcounter=\count320
\Hy@pagecounter=\count321
 (/usr/local/texlive/2025/texmf-dist/tex/latex/hyperref/pd1enc.def
File: pd1enc.def 2024-11-05 v7.01l Hyperref: PDFDocEncoding definition (HO)
) (/usr/local/texlive/2025/texmf-dist/tex/generic/intcalc/intcalc.sty
Package: intcalc 2019/12/15 v1.3 Expandable calculations with integers (HO)
)
\Hy@SavedSpaceFactor=\count322
 (/usr/local/texlive/2025/texmf-dist/tex/latex/hyperref/puenc.def
File: puenc.def 2024-11-05 v7.01l Hyperref: PDF Unicode definition (HO)
)
Package hyperref Info: Hyper figures OFF on input line 4157.
Package hyperref Info: Link nesting OFF on input line 4162.
Package hyperref Info: Hyper index ON on input line 4165.
Package hyperref Info: Plain pages OFF on input line 4172.
Package hyperref Info: Backreferencing OFF on input line 4177.
Package hyperref Info: Implicit mode ON; LaTeX internals redefined.
Package hyperref Info: Bookmarks ON on input line 4424.
\c@Hy@tempcnt=\count323
 (/usr/local/texlive/2025/texmf-dist/tex/latex/url/url.sty
\Urlmuskip=\muskip18
Package: url 2013/09/16  ver 3.4  Verb mode for urls, etc.
)
LaTeX Info: Redefining \url on input line 4763.
\XeTeXLinkMargin=\dimen191
 (/usr/local/texlive/2025/texmf-dist/tex/generic/bitset/bitset.sty
Package: bitset 2019/12/09 v1.3 Handle bit-vector datatype (HO)
 (/usr/local/texlive/2025/texmf-dist/tex/generic/bigintcalc/bigintcalc.sty
Package: bigintcalc 2019/12/15 v1.5 Expandable calculations on big integers (HO)
))
\Fld@menulength=\count324
\Field@Width=\dimen192
\Fld@charsize=\dimen193
Package hyperref Info: Hyper figures OFF on input line 6042.
Package hyperref Info: Link nesting OFF on input line 6047.
Package hyperref Info: Hyper index ON on input line 6050.
Package hyperref Info: backreferencing OFF on input line 6057.
Package hyperref Info: Link coloring OFF on input line 6062.
Package hyperref Info: Link coloring with OCG OFF on input line 6067.
Package hyperref Info: PDF/A mode OFF on input line 6072.
 (/usr/local/texlive/2025/texmf-dist/tex/latex/base/atbegshi-ltx.sty
Package: atbegshi-ltx 2021/01/10 v1.0c Emulation of the original atbegshi
package with kernel methods
)
\Hy@abspage=\count325
\c@Item=\count326
\c@Hfootnote=\count327
)
Package hyperref Info: Driver (autodetected): hxetex.
 (/usr/local/texlive/2025/texmf-dist/tex/latex/hyperref/hxetex.def
File: hxetex.def 2024-11-05 v7.01l Hyperref driver for XeTeX
\pdfm@box=\box64
\c@Hy@AnnotLevel=\count328
\HyField@AnnotCount=\count329
\Fld@listcount=\count330
\c@bookmark@seq@number=\count331
 (/usr/local/texlive/2025/texmf-dist/tex/latex/rerunfilecheck/rerunfilecheck.sty
Package: rerunfilecheck 2022-07-10 v1.10 Rerun checks for auxiliary files (HO)
 (/usr/local/texlive/2025/texmf-dist/tex/latex/base/atveryend-ltx.sty
Package: atveryend-ltx 2020/08/19 v1.0a Emulation of the original atveryend package
with kernel methods
) (/usr/local/texlive/2025/texmf-dist/tex/generic/uniquecounter/uniquecounter.sty
Package: uniquecounter 2019/12/15 v1.4 Provide unlimited unique counter (HO)
)
Package uniquecounter Info: New unique counter `rerunfilecheck' on input line 285.
)
\Hy@SectionHShift=\skip114
)
Package hyperref Info: Option `colorlinks' set `true' on input line 32.
\c@none=\count332
\enitdp@wbsitem=\count333
 (./notebook.aux)
\openout1 = `notebook.aux'.

LaTeX Font Info:    Checking defaults for OML/cmm/m/it on input line 73.
LaTeX Font Info:    ... okay on input line 73.
LaTeX Font Info:    Checking defaults for OMS/cmsy/m/n on input line 73.
LaTeX Font Info:    ... okay on input line 73.
LaTeX Font Info:    Checking defaults for OT1/cmr/m/n on input line 73.
LaTeX Font Info:    ... okay on input line 73.
LaTeX Font Info:    Checking defaults for T1/cmr/m/n on input line 73.
LaTeX Font Info:    ... okay on input line 73.
LaTeX Font Info:    Checking defaults for TS1/cmr/m/n on input line 73.
LaTeX Font Info:    ... okay on input line 73.
LaTeX Font Info:    Checking defaults for TU/lmr/m/n on input line 73.
LaTeX Font Info:    ... okay on input line 73.
LaTeX Font Info:    Checking defaults for OMX/cmex/m/n on input line 73.
LaTeX Font Info:    ... okay on input line 73.
LaTeX Font Info:    Checking defaults for U/cmr/m/n on input line 73.
LaTeX Font Info:    ... okay on input line 73.
LaTeX Font Info:    Checking defaults for PD1/pdf/m/n on input line 73.
LaTeX Font Info:    ... okay on input line 73.
LaTeX Font Info:    Checking defaults for PU/pdf/m/n on input line 73.
LaTeX Font Info:    ... okay on input line 73.

Package fontspec Info: 
(fontspec)             Adjusting the maths setup (use [no-math] to avoid
(fontspec)             this).

\symlegacymaths=\mathgroup4
LaTeX Font Info:    Overwriting symbol font `legacymaths' in version `bold'
(Font)                  OT1/cmr/m/n --> OT1/cmr/bx/n on input line 73.
LaTeX Font Info:    Redeclaring math accent \acute on input line 73.
LaTeX Font Info:    Redeclaring math accent \grave on input line 73.
LaTeX Font Info:    Redeclaring math accent \ddot on input line 73.
LaTeX Font Info:    Redeclaring math accent \tilde on input line 73.
LaTeX Font Info:    Redeclaring math accent \bar on input line 73.
LaTeX Font Info:    Redeclaring math accent \breve on input line 73.
LaTeX Font Info:    Redeclaring math accent \check on input line 73.
LaTeX Font Info:    Redeclaring math accent \hat on input line 73.
LaTeX Font Info:    Redeclaring math accent \dot on input line 73.
LaTeX Font Info:    Redeclaring math accent \mathring on input line 73.
LaTeX Font Info:    Redeclaring math symbol \Gamma on input line 73.
LaTeX Font Info:    Redeclaring math symbol \Delta on input line 73.
LaTeX Font Info:    Redeclaring math symbol \Theta on input line 73.
LaTeX Font Info:    Redeclaring math symbol \Lambda on input line 73.
LaTeX Font Info:    Redeclaring math symbol \Xi on input line 73.
LaTeX Font Info:    Redeclaring math symbol \Pi on input line 73.
LaTeX Font Info:    Redeclaring math symbol \Sigma on input line 73.
LaTeX Font Info:    Redeclaring math symbol \Upsilon on input line 73.
LaTeX Font Info:    Redeclaring math symbol \Phi on input line 73.
LaTeX Font Info:    Redeclaring math symbol \Psi on input line 73.
LaTeX Font Info:    Redeclaring math symbol \Omega on input line 73.
LaTeX Font Info:    Redeclaring math symbol \mathdollar on input line 73.
LaTeX Font Info:    Redeclaring symbol font `operators' on input line 73.
LaTeX Font Info:    Encoding `OT1' has changed to `TU' for symbol font
(Font)              `operators' in the math version `normal' on input line 73.
LaTeX Font Info:    Overwriting symbol font `operators' in version `normal'
(Font)                  OT1/cmr/m/n --> TU/lmr/m/n on input line 73.
LaTeX Font Info:    Encoding `OT1' has changed to `TU' for symbol font
(Font)              `operators' in the math version `bold' on input line 73.
LaTeX Font Info:    Overwriting symbol font `operators' in version `bold'
(Font)                  OT1/cmr/bx/n --> TU/lmr/m/n on input line 73.
LaTeX Font Info:    Overwriting symbol font `operators' in version `normal'
(Font)                  TU/lmr/m/n --> TU/lmr/m/n on input line 73.
LaTeX Font Info:    Overwriting math alphabet `\mathit' in version `normal'
(Font)                  OT1/cmr/m/it --> TU/lmr/m/it on input line 73.
LaTeX Font Info:    Overwriting math alphabet `\mathbf' in version `normal'
(Font)                  OT1/cmr/bx/n --> TU/lmr/b/n on input line 73.
LaTeX Font Info:    Overwriting math alphabet `\mathsf' in version `normal'
(Font)                  OT1/cmss/m/n --> TU/lmss/m/n on input line 73.
LaTeX Font Info:    Overwriting math alphabet `\mathtt' in version `normal'
(Font)                  OT1/cmtt/m/n --> TU/lmtt/m/n on input line 73.
LaTeX Font Info:    Overwriting symbol font `operators' in version `bold'
(Font)                  TU/lmr/m/n --> TU/lmr/b/n on input line 73.
LaTeX Font Info:    Overwriting math alphabet `\mathit' in version `bold'
(Font)                  OT1/cmr/bx/it --> TU/lmr/b/it on input line 73.
LaTeX Font Info:    Overwriting math alphabet `\mathsf' in version `bold'
(Font)                  OT1/cmss/bx/n --> TU/lmss/b/n on input line 73.
LaTeX Font Info:    Overwriting math alphabet `\mathtt' in version `bold'
(Font)                  OT1/cmtt/m/n --> TU/lmtt/b/n on input line 73.

*geometry* driver: auto-detecting
*geometry* detected driver: xetex
*geometry* verbose mode - [ preamble ] result:
* driver: xetex
* paper: a4paper
* layout: <same size as paper>
* layoutoffset:(h,v)=(0.0pt,0.0pt)
* modes: 
* h-part:(L,W,R)=(68.28644pt, 460.935pt, 68.28644pt)
* v-part:(T,H,B)=(68.28644pt, 708.47397pt, 68.28644pt)
* \paperwidth=597.50787pt
* \paperheight=845.04684pt
* \textwidth=460.935pt
* \textheight=708.47397pt
* \oddsidemargin=-3.98355pt
* \evensidemargin=-3.98355pt
* \topmargin=-40.98355pt
* \headheight=12.0pt
* \headsep=25.0pt
* \topskip=11.0pt
* \footskip=30.0pt
* \marginparwidth=50.0pt
* \marginparsep=10.0pt
* \columnsep=10.0pt
* \skip\footins=10.0pt plus 4.0pt minus 2.0pt
* \hoffset=0.0pt
* \voffset=0.0pt
* \mag=1000
* \@twocolumnfalse
* \@twosidefalse
* \@mparswitchfalse
* \@reversemarginfalse
* (1in=72.27pt=25.4mm, 1cm=28.453pt)

Package hyperref Info: Link coloring ON on input line 73.
(./notebook.out) (./notebook.out)
\@outlinefile=\write3
\openout3 = `notebook.out'.

 (./notebook.toc

[1

])
\tf@toc=\write4
\openout4 = `notebook.toc'.



[2]

[3

]

[4]

Package hyperref Warning: Token not allowed in a PDF string (Unicode):
(hyperref)                removing `\@ifnextchar' on input line 184.



[5]

Package hyperref Warning: Token not allowed in a PDF string (Unicode):
(hyperref)                removing `\@ifnextchar' on input line 256.


Package hyperref Warning: Token not allowed in a PDF string (Unicode):
(hyperref)                removing `\@ifnextchar' on input line 300.



[6]
Underfull \hbox (badness 10000) in paragraph at lines 324--326

 []


Package hyperref Warning: Token not allowed in a PDF string (Unicode):
(hyperref)                removing `\@ifnextchar' on input line 359.



[7]

Package hyperref Warning: Token not allowed in a PDF string (Unicode):
(hyperref)                removing `\@ifnextchar' on input line 377.



[8]

Package hyperref Warning: Token not allowed in a PDF string (Unicode):
(hyperref)                removing `\@ifnextchar' on input line 433.



[9]

[10]

Package hyperref Warning: Token not allowed in a PDF string (Unicode):
(hyperref)                removing `\@ifnextchar' on input line 577.



[11]

[12]

Package hyperref Warning: Token not allowed in a PDF string (Unicode):
(hyperref)                removing `\@ifnextchar' on input line 617.



[13]

[14]

[15] [16]

[17]

[18]

[19]

[20]

[21]

[22

]

[23

]

[24


]

[25

]

[26]

[27]

[28

]

[29]

[30

]

[31]

[32]

[33]

[34]
Overfull \hbox (2.59726pt too wide) in paragraph at lines 1690--1690
 []|\TU/lmr/bx/n/9 Round| 
 []


Overfull \hbox (9.61612pt too wide) in paragraph at lines 1690--1690
 []|[]| 
 []


Overfull \hbox (0.50813pt too wide) in paragraph at lines 1690--1690
 []|[]| 
 []


Overfull \hbox (4.90572pt too wide) in paragraph at lines 1688--1693
[] 
 []


Overfull \hbox (2.59726pt too wide) in paragraph at lines 1697--1697
 []|\TU/lmr/bx/n/9 Round| 
 []


Overfull \hbox (9.61612pt too wide) in paragraph at lines 1697--1697
 []|[]| 
 []


Overfull \hbox (0.50813pt too wide) in paragraph at lines 1697--1697
 []|[]| 
 []


Overfull \hbox (4.90572pt too wide) in paragraph at lines 1695--1700
[] 
 []


Overfull \hbox (2.59726pt too wide) in paragraph at lines 1704--1704
 []|\TU/lmr/bx/n/9 Round| 
 []


Overfull \hbox (9.61612pt too wide) in paragraph at lines 1704--1704
 []|[]| 
 []


Overfull \hbox (0.50813pt too wide) in paragraph at lines 1704--1704
 []|[]| 
 []


Overfull \hbox (4.90572pt too wide) in paragraph at lines 1702--1707
[] 
 []


Overfull \hbox (2.59726pt too wide) in paragraph at lines 1711--1711
 []|\TU/lmr/bx/n/9 Round| 
 []


Overfull \hbox (9.61612pt too wide) in paragraph at lines 1711--1711
 []|[]| 
 []


Overfull \hbox (0.50813pt too wide) in paragraph at lines 1711--1711
 []|[]| 
 []


Overfull \hbox (4.90572pt too wide) in paragraph at lines 1709--1714
[] 
 []


Overfull \hbox (2.59726pt too wide) in paragraph at lines 1718--1718
 []|\TU/lmr/bx/n/9 Round| 
 []


Overfull \hbox (9.61612pt too wide) in paragraph at lines 1718--1718
 []|[]| 
 []


Overfull \hbox (0.50813pt too wide) in paragraph at lines 1718--1718
 []|[]| 
 []


Overfull \hbox (4.90572pt too wide) in paragraph at lines 1716--1721
[] 
 []


Overfull \hbox (2.59726pt too wide) in paragraph at lines 1725--1725
 []|\TU/lmr/bx/n/9 Round| 
 []


Overfull \hbox (9.61612pt too wide) in paragraph at lines 1725--1725
 []|[]| 
 []


Overfull \hbox (0.50813pt too wide) in paragraph at lines 1725--1725
 []|[]| 
 []


Overfull \hbox (4.90572pt too wide) in paragraph at lines 1723--1727
[] 
 []


Overfull \hbox (2.59726pt too wide) in paragraph at lines 1731--1731
 []|\TU/lmr/bx/n/9 Round| 
 []


Overfull \hbox (9.61612pt too wide) in paragraph at lines 1731--1731
 []|[]| 
 []


Overfull \hbox (0.50813pt too wide) in paragraph at lines 1731--1731
 []|[]| 
 []


Overfull \hbox (4.90572pt too wide) in paragraph at lines 1729--1734
[] 
 []


Overfull \hbox (2.59726pt too wide) in paragraph at lines 1738--1738
 []|\TU/lmr/bx/n/9 Round| 
 []


Overfull \hbox (9.61612pt too wide) in paragraph at lines 1738--1738
 []|[]| 
 []


Overfull \hbox (0.50813pt too wide) in paragraph at lines 1738--1738
 []|[]| 
 []


Overfull \hbox (4.90572pt too wide) in paragraph at lines 1736--1741
[] 
 []


Overfull \hbox (2.59726pt too wide) in paragraph at lines 1745--1745
 []|\TU/lmr/bx/n/9 Round| 
 []


Overfull \hbox (9.61612pt too wide) in paragraph at lines 1745--1745
 []|[]| 
 []


Overfull \hbox (0.50813pt too wide) in paragraph at lines 1745--1745
 []|[]| 
 []


Overfull \hbox (4.90572pt too wide) in paragraph at lines 1743--1747
[] 
 []


Overfull \hbox (2.59726pt too wide) in paragraph at lines 1751--1751
 []|\TU/lmr/bx/n/9 Round| 
 []


Overfull \hbox (9.61612pt too wide) in paragraph at lines 1751--1751
 []|[]| 
 []


Overfull \hbox (0.50813pt too wide) in paragraph at lines 1751--1751
 []|[]| 
 []


Overfull \hbox (4.90572pt too wide) in paragraph at lines 1749--1754
[] 
 []



[35

]
Overfull \hbox (2.59726pt too wide) in paragraph at lines 1758--1758
 []|\TU/lmr/bx/n/9 Round| 
 []


Overfull \hbox (9.61612pt too wide) in paragraph at lines 1758--1758
 []|[]| 
 []


Overfull \hbox (0.50813pt too wide) in paragraph at lines 1758--1758
 []|[]| 
 []


Overfull \hbox (4.90572pt too wide) in paragraph at lines 1756--1761
[] 
 []


Overfull \hbox (2.59726pt too wide) in paragraph at lines 1765--1765
 []|\TU/lmr/bx/n/9 Round| 
 []


Overfull \hbox (9.61612pt too wide) in paragraph at lines 1765--1765
 []|[]| 
 []


Overfull \hbox (0.50813pt too wide) in paragraph at lines 1765--1765
 []|[]| 
 []


Overfull \hbox (4.90572pt too wide) in paragraph at lines 1763--1768
[] 
 []


Overfull \hbox (2.59726pt too wide) in paragraph at lines 1772--1772
 []|\TU/lmr/bx/n/9 Round| 
 []


Overfull \hbox (9.61612pt too wide) in paragraph at lines 1772--1772
 []|[]| 
 []


Overfull \hbox (0.50813pt too wide) in paragraph at lines 1772--1772
 []|[]| 
 []


Overfull \hbox (4.90572pt too wide) in paragraph at lines 1770--1774
[] 
 []


Overfull \hbox (2.59726pt too wide) in paragraph at lines 1778--1778
 []|\TU/lmr/bx/n/9 Round| 
 []


Overfull \hbox (9.61612pt too wide) in paragraph at lines 1778--1778
 []|[]| 
 []


Overfull \hbox (0.50813pt too wide) in paragraph at lines 1778--1778
 []|[]| 
 []


Overfull \hbox (4.90572pt too wide) in paragraph at lines 1776--1780
[] 
 []


Overfull \hbox (2.59726pt too wide) in paragraph at lines 1784--1784
 []|\TU/lmr/bx/n/9 Round| 
 []


Overfull \hbox (9.61612pt too wide) in paragraph at lines 1784--1784
 []|[]| 
 []


Overfull \hbox (0.50813pt too wide) in paragraph at lines 1784--1784
 []|[]| 
 []


Overfull \hbox (4.90572pt too wide) in paragraph at lines 1782--1787
[] 
 []


Overfull \hbox (2.59726pt too wide) in paragraph at lines 1792--1792
 []|\TU/lmr/bx/n/9 Round| 
 []


Overfull \hbox (9.61612pt too wide) in paragraph at lines 1792--1792
 []|[]| 
 []


Overfull \hbox (0.50813pt too wide) in paragraph at lines 1792--1792
 []|[]| 
 []


Overfull \hbox (4.90572pt too wide) in paragraph at lines 1790--1794
[] 
 []


Overfull \hbox (2.59726pt too wide) in paragraph at lines 1798--1798
 []|\TU/lmr/bx/n/9 Round| 
 []


Overfull \hbox (9.61612pt too wide) in paragraph at lines 1798--1798
 []|[]| 
 []


Overfull \hbox (0.50813pt too wide) in paragraph at lines 1798--1798
 []|[]| 
 []


Overfull \hbox (4.90572pt too wide) in paragraph at lines 1796--1801
[] 
 []


Overfull \hbox (2.59726pt too wide) in paragraph at lines 1805--1805
 []|\TU/lmr/bx/n/9 Round| 
 []


Overfull \hbox (9.61612pt too wide) in paragraph at lines 1805--1805
 []|[]| 
 []


Overfull \hbox (0.50813pt too wide) in paragraph at lines 1805--1805
 []|[]| 
 []


Overfull \hbox (4.90572pt too wide) in paragraph at lines 1803--1808
[] 
 []


Overfull \hbox (2.59726pt too wide) in paragraph at lines 1812--1812
 []|\TU/lmr/bx/n/9 Round| 
 []


Overfull \hbox (9.61612pt too wide) in paragraph at lines 1812--1812
 []|[]| 
 []


Overfull \hbox (0.50813pt too wide) in paragraph at lines 1812--1812
 []|[]| 
 []


Overfull \hbox (4.90572pt too wide) in paragraph at lines 1810--1815
[] 
 []


Overfull \hbox (2.59726pt too wide) in paragraph at lines 1819--1819
 []|\TU/lmr/bx/n/9 Round| 
 []


Overfull \hbox (9.61612pt too wide) in paragraph at lines 1819--1819
 []|[]| 
 []


Overfull \hbox (0.50813pt too wide) in paragraph at lines 1819--1819
 []|[]| 
 []


Overfull \hbox (4.90572pt too wide) in paragraph at lines 1817--1822
[] 
 []



[36]
Overfull \hbox (2.59726pt too wide) in paragraph at lines 1826--1826
 []|\TU/lmr/bx/n/9 Round| 
 []


Overfull \hbox (9.61612pt too wide) in paragraph at lines 1826--1826
 []|[]| 
 []


Overfull \hbox (0.50813pt too wide) in paragraph at lines 1826--1826
 []|[]| 
 []


Overfull \hbox (4.90572pt too wide) in paragraph at lines 1824--1828
[] 
 []


Overfull \hbox (2.59726pt too wide) in paragraph at lines 1832--1832
 []|\TU/lmr/bx/n/9 Round| 
 []


Overfull \hbox (9.61612pt too wide) in paragraph at lines 1832--1832
 []|[]| 
 []


Overfull \hbox (0.50813pt too wide) in paragraph at lines 1832--1832
 []|[]| 
 []


Overfull \hbox (4.90572pt too wide) in paragraph at lines 1830--1835
[] 
 []


Overfull \hbox (2.59726pt too wide) in paragraph at lines 1839--1839
 []|\TU/lmr/bx/n/9 Round| 
 []


Overfull \hbox (9.61612pt too wide) in paragraph at lines 1839--1839
 []|[]| 
 []


Overfull \hbox (0.50813pt too wide) in paragraph at lines 1839--1839
 []|[]| 
 []


Overfull \hbox (4.90572pt too wide) in paragraph at lines 1837--1841
[] 
 []


Overfull \hbox (2.59726pt too wide) in paragraph at lines 1845--1845
 []|\TU/lmr/bx/n/9 Round| 
 []


Overfull \hbox (9.61612pt too wide) in paragraph at lines 1845--1845
 []|[]| 
 []


Overfull \hbox (0.50813pt too wide) in paragraph at lines 1845--1845
 []|[]| 
 []


Overfull \hbox (4.90572pt too wide) in paragraph at lines 1843--1848
[] 
 []


Overfull \hbox (2.59726pt too wide) in paragraph at lines 1852--1852
 []|\TU/lmr/bx/n/9 Round| 
 []


Overfull \hbox (9.61612pt too wide) in paragraph at lines 1852--1852
 []|[]| 
 []


Overfull \hbox (0.50813pt too wide) in paragraph at lines 1852--1852
 []|[]| 
 []


Overfull \hbox (4.90572pt too wide) in paragraph at lines 1850--1855
[] 
 []


Overfull \hbox (2.59726pt too wide) in paragraph at lines 1859--1859
 []|\TU/lmr/bx/n/9 Round| 
 []


Overfull \hbox (9.61612pt too wide) in paragraph at lines 1859--1859
 []|[]| 
 []


Overfull \hbox (0.50813pt too wide) in paragraph at lines 1859--1859
 []|[]| 
 []


Overfull \hbox (4.90572pt too wide) in paragraph at lines 1857--1861
[] 
 []


Overfull \hbox (2.59726pt too wide) in paragraph at lines 1865--1865
 []|\TU/lmr/bx/n/9 Round| 
 []


Overfull \hbox (9.61612pt too wide) in paragraph at lines 1865--1865
 []|[]| 
 []


Overfull \hbox (0.50813pt too wide) in paragraph at lines 1865--1865
 []|[]| 
 []


Overfull \hbox (4.90572pt too wide) in paragraph at lines 1863--1868
[] 
 []


Overfull \hbox (2.59726pt too wide) in paragraph at lines 1872--1872
 []|\TU/lmr/bx/n/9 Round| 
 []


Overfull \hbox (9.61612pt too wide) in paragraph at lines 1872--1872
 []|[]| 
 []


Overfull \hbox (0.50813pt too wide) in paragraph at lines 1872--1872
 []|[]| 
 []


Overfull \hbox (4.90572pt too wide) in paragraph at lines 1870--1875
[] 
 []


Overfull \hbox (2.59726pt too wide) in paragraph at lines 1879--1879
 []|\TU/lmr/bx/n/9 Round| 
 []


Overfull \hbox (9.61612pt too wide) in paragraph at lines 1879--1879
 []|[]| 
 []


Overfull \hbox (0.50813pt too wide) in paragraph at lines 1879--1879
 []|[]| 
 []


Overfull \hbox (4.90572pt too wide) in paragraph at lines 1877--1882
[] 
 []


Overfull \hbox (2.59726pt too wide) in paragraph at lines 1886--1886
 []|\TU/lmr/bx/n/9 Round| 
 []


Overfull \hbox (9.61612pt too wide) in paragraph at lines 1886--1886
 []|[]| 
 []


Overfull \hbox (0.50813pt too wide) in paragraph at lines 1886--1886
 []|[]| 
 []


Overfull \hbox (4.90572pt too wide) in paragraph at lines 1884--1888
[] 
 []


Overfull \hbox (2.59726pt too wide) in paragraph at lines 1892--1892
 []|\TU/lmr/bx/n/9 Round| 
 []


Overfull \hbox (9.61612pt too wide) in paragraph at lines 1892--1892
 []|[]| 
 []


Overfull \hbox (0.50813pt too wide) in paragraph at lines 1892--1892
 []|[]| 
 []


Overfull \hbox (4.90572pt too wide) in paragraph at lines 1890--1895
[] 
 []



[37]
Overfull \hbox (2.59726pt too wide) in paragraph at lines 1899--1899
 []|\TU/lmr/bx/n/9 Round| 
 []


Overfull \hbox (9.61612pt too wide) in paragraph at lines 1899--1899
 []|[]| 
 []


Overfull \hbox (0.50813pt too wide) in paragraph at lines 1899--1899
 []|[]| 
 []


Overfull \hbox (4.90572pt too wide) in paragraph at lines 1897--1901
[] 
 []


Overfull \hbox (2.59726pt too wide) in paragraph at lines 1905--1905
 []|\TU/lmr/bx/n/9 Round| 
 []


Overfull \hbox (9.61612pt too wide) in paragraph at lines 1905--1905
 []|[]| 
 []


Overfull \hbox (0.50813pt too wide) in paragraph at lines 1905--1905
 []|[]| 
 []


Overfull \hbox (4.90572pt too wide) in paragraph at lines 1903--1907
[] 
 []


Overfull \hbox (2.59726pt too wide) in paragraph at lines 1911--1911
 []|\TU/lmr/bx/n/9 Round| 
 []


Overfull \hbox (9.61612pt too wide) in paragraph at lines 1911--1911
 []|[]| 
 []


Overfull \hbox (0.50813pt too wide) in paragraph at lines 1911--1911
 []|[]| 
 []


Overfull \hbox (4.90572pt too wide) in paragraph at lines 1909--1914
[] 
 []


Overfull \hbox (2.59726pt too wide) in paragraph at lines 1918--1918
 []|\TU/lmr/bx/n/9 Round| 
 []


Overfull \hbox (9.61612pt too wide) in paragraph at lines 1918--1918
 []|[]| 
 []


Overfull \hbox (0.50813pt too wide) in paragraph at lines 1918--1918
 []|[]| 
 []


Overfull \hbox (4.90572pt too wide) in paragraph at lines 1916--1921
[] 
 []


Overfull \hbox (2.59726pt too wide) in paragraph at lines 1925--1925
 []|\TU/lmr/bx/n/9 Round| 
 []


Overfull \hbox (9.61612pt too wide) in paragraph at lines 1925--1925
 []|[]| 
 []


Overfull \hbox (0.50813pt too wide) in paragraph at lines 1925--1925
 []|[]| 
 []


Overfull \hbox (4.90572pt too wide) in paragraph at lines 1923--1928
[] 
 []


Overfull \hbox (2.59726pt too wide) in paragraph at lines 1932--1932
 []|\TU/lmr/bx/n/9 Round| 
 []


Overfull \hbox (9.61612pt too wide) in paragraph at lines 1932--1932
 []|[]| 
 []


Overfull \hbox (0.50813pt too wide) in paragraph at lines 1932--1932
 []|[]| 
 []


Overfull \hbox (4.90572pt too wide) in paragraph at lines 1930--1935
[] 
 []


Overfull \hbox (2.59726pt too wide) in paragraph at lines 1939--1939
 []|\TU/lmr/bx/n/9 Round| 
 []


Overfull \hbox (9.61612pt too wide) in paragraph at lines 1939--1939
 []|[]| 
 []


Overfull \hbox (0.50813pt too wide) in paragraph at lines 1939--1939
 []|[]| 
 []


Overfull \hbox (4.90572pt too wide) in paragraph at lines 1937--1942
[] 
 []


Overfull \hbox (2.59726pt too wide) in paragraph at lines 1946--1946
 []|\TU/lmr/bx/n/9 Round| 
 []


Overfull \hbox (9.61612pt too wide) in paragraph at lines 1946--1946
 []|[]| 
 []


Overfull \hbox (0.50813pt too wide) in paragraph at lines 1946--1946
 []|[]| 
 []


Overfull \hbox (4.90572pt too wide) in paragraph at lines 1944--1949
[] 
 []


Overfull \hbox (2.59726pt too wide) in paragraph at lines 1953--1953
 []|\TU/lmr/bx/n/9 Round| 
 []


Overfull \hbox (9.61612pt too wide) in paragraph at lines 1953--1953
 []|[]| 
 []


Overfull \hbox (0.50813pt too wide) in paragraph at lines 1953--1953
 []|[]| 
 []


Overfull \hbox (4.90572pt too wide) in paragraph at lines 1951--1956
[] 
 []


Overfull \hbox (2.59726pt too wide) in paragraph at lines 1960--1960
 []|\TU/lmr/bx/n/9 Round| 
 []


Overfull \hbox (9.61612pt too wide) in paragraph at lines 1960--1960
 []|[]| 
 []


Overfull \hbox (0.50813pt too wide) in paragraph at lines 1960--1960
 []|[]| 
 []


Overfull \hbox (4.90572pt too wide) in paragraph at lines 1958--1963
[] 
 []


Overfull \hbox (2.59726pt too wide) in paragraph at lines 1967--1967
 []|\TU/lmr/bx/n/9 Round| 
 []


Overfull \hbox (9.61612pt too wide) in paragraph at lines 1967--1967
 []|[]| 
 []


Overfull \hbox (0.50813pt too wide) in paragraph at lines 1967--1967
 []|[]| 
 []


Overfull \hbox (4.90572pt too wide) in paragraph at lines 1965--1970
[] 
 []



[38]
Overfull \hbox (2.59726pt too wide) in paragraph at lines 1974--1974
 []|\TU/lmr/bx/n/9 Round| 
 []


Overfull \hbox (9.61612pt too wide) in paragraph at lines 1974--1974
 []|[]| 
 []


Overfull \hbox (0.50813pt too wide) in paragraph at lines 1974--1974
 []|[]| 
 []


Overfull \hbox (4.90572pt too wide) in paragraph at lines 1972--1977
[] 
 []


Overfull \hbox (2.59726pt too wide) in paragraph at lines 1981--1981
 []|\TU/lmr/bx/n/9 Round| 
 []


Overfull \hbox (9.61612pt too wide) in paragraph at lines 1981--1981
 []|[]| 
 []


Overfull \hbox (0.50813pt too wide) in paragraph at lines 1981--1981
 []|[]| 
 []


Overfull \hbox (4.90572pt too wide) in paragraph at lines 1979--1984
[] 
 []


Overfull \hbox (2.59726pt too wide) in paragraph at lines 1988--1988
 []|\TU/lmr/bx/n/9 Round| 
 []


Overfull \hbox (9.61612pt too wide) in paragraph at lines 1988--1988
 []|[]| 
 []


Overfull \hbox (0.50813pt too wide) in paragraph at lines 1988--1988
 []|[]| 
 []


Overfull \hbox (4.90572pt too wide) in paragraph at lines 1986--1990
[] 
 []


Overfull \hbox (2.59726pt too wide) in paragraph at lines 1994--1994
 []|\TU/lmr/bx/n/9 Round| 
 []


Overfull \hbox (9.61612pt too wide) in paragraph at lines 1994--1994
 []|[]| 
 []


Overfull \hbox (0.50813pt too wide) in paragraph at lines 1994--1994
 []|[]| 
 []


Overfull \hbox (4.90572pt too wide) in paragraph at lines 1992--1997
[] 
 []


Overfull \hbox (2.59726pt too wide) in paragraph at lines 2001--2001
 []|\TU/lmr/bx/n/9 Round| 
 []


Overfull \hbox (9.61612pt too wide) in paragraph at lines 2001--2001
 []|[]| 
 []


Overfull \hbox (0.50813pt too wide) in paragraph at lines 2001--2001
 []|[]| 
 []


Overfull \hbox (4.90572pt too wide) in paragraph at lines 1999--2004
[] 
 []


Overfull \hbox (2.59726pt too wide) in paragraph at lines 2008--2008
 []|\TU/lmr/bx/n/9 Round| 
 []


Overfull \hbox (9.61612pt too wide) in paragraph at lines 2008--2008
 []|[]| 
 []


Overfull \hbox (0.50813pt too wide) in paragraph at lines 2008--2008
 []|[]| 
 []


Overfull \hbox (4.90572pt too wide) in paragraph at lines 2006--2010
[] 
 []


Overfull \hbox (2.59726pt too wide) in paragraph at lines 2014--2014
 []|\TU/lmr/bx/n/9 Round| 
 []


Overfull \hbox (9.61612pt too wide) in paragraph at lines 2014--2014
 []|[]| 
 []


Overfull \hbox (0.50813pt too wide) in paragraph at lines 2014--2014
 []|[]| 
 []


Overfull \hbox (4.90572pt too wide) in paragraph at lines 2012--2017
[] 
 []


Overfull \hbox (2.59726pt too wide) in paragraph at lines 2021--2021
 []|\TU/lmr/bx/n/9 Round| 
 []


Overfull \hbox (9.61612pt too wide) in paragraph at lines 2021--2021
 []|[]| 
 []


Overfull \hbox (0.50813pt too wide) in paragraph at lines 2021--2021
 []|[]| 
 []


Overfull \hbox (4.90572pt too wide) in paragraph at lines 2019--2024
[] 
 []


Overfull \hbox (2.59726pt too wide) in paragraph at lines 2028--2028
 []|\TU/lmr/bx/n/9 Round| 
 []


Overfull \hbox (9.61612pt too wide) in paragraph at lines 2028--2028
 []|[]| 
 []


Overfull \hbox (0.50813pt too wide) in paragraph at lines 2028--2028
 []|[]| 
 []


Overfull \hbox (4.90572pt too wide) in paragraph at lines 2026--2031
[] 
 []


Overfull \hbox (2.59726pt too wide) in paragraph at lines 2035--2035
 []|\TU/lmr/bx/n/9 Round| 
 []


Overfull \hbox (9.61612pt too wide) in paragraph at lines 2035--2035
 []|[]| 
 []


Overfull \hbox (0.50813pt too wide) in paragraph at lines 2035--2035
 []|[]| 
 []


Overfull \hbox (4.90572pt too wide) in paragraph at lines 2033--2038
[] 
 []


Overfull \hbox (2.59726pt too wide) in paragraph at lines 2042--2042
 []|\TU/lmr/bx/n/9 Round| 
 []


Overfull \hbox (9.61612pt too wide) in paragraph at lines 2042--2042
 []|[]| 
 []


Overfull \hbox (0.50813pt too wide) in paragraph at lines 2042--2042
 []|[]| 
 []


Overfull \hbox (4.90572pt too wide) in paragraph at lines 2040--2045
[] 
 []



[39]
Overfull \hbox (2.59726pt too wide) in paragraph at lines 2049--2049
 []|\TU/lmr/bx/n/9 Round| 
 []


Overfull \hbox (9.61612pt too wide) in paragraph at lines 2049--2049
 []|[]| 
 []


Overfull \hbox (0.50813pt too wide) in paragraph at lines 2049--2049
 []|[]| 
 []


Overfull \hbox (4.90572pt too wide) in paragraph at lines 2047--2051
[] 
 []


Overfull \hbox (2.59726pt too wide) in paragraph at lines 2055--2055
 []|\TU/lmr/bx/n/9 Round| 
 []


Overfull \hbox (9.61612pt too wide) in paragraph at lines 2055--2055
 []|[]| 
 []


Overfull \hbox (0.50813pt too wide) in paragraph at lines 2055--2055
 []|[]| 
 []


Overfull \hbox (4.90572pt too wide) in paragraph at lines 2053--2058
[] 
 []


Overfull \hbox (2.59726pt too wide) in paragraph at lines 2062--2062
 []|\TU/lmr/bx/n/9 Round| 
 []


Overfull \hbox (9.61612pt too wide) in paragraph at lines 2062--2062
 []|[]| 
 []


Overfull \hbox (0.50813pt too wide) in paragraph at lines 2062--2062
 []|[]| 
 []


Overfull \hbox (4.90572pt too wide) in paragraph at lines 2060--2065
[] 
 []


Overfull \hbox (2.59726pt too wide) in paragraph at lines 2069--2069
 []|\TU/lmr/bx/n/9 Round| 
 []


Overfull \hbox (9.61612pt too wide) in paragraph at lines 2069--2069
 []|[]| 
 []


Overfull \hbox (0.50813pt too wide) in paragraph at lines 2069--2069
 []|[]| 
 []


Overfull \hbox (4.90572pt too wide) in paragraph at lines 2067--2072
[] 
 []


Overfull \hbox (2.59726pt too wide) in paragraph at lines 2076--2076
 []|\TU/lmr/bx/n/9 Round| 
 []


Overfull \hbox (9.61612pt too wide) in paragraph at lines 2076--2076
 []|[]| 
 []


Overfull \hbox (0.50813pt too wide) in paragraph at lines 2076--2076
 []|[]| 
 []


Overfull \hbox (4.90572pt too wide) in paragraph at lines 2074--2079
[] 
 []


Overfull \hbox (2.59726pt too wide) in paragraph at lines 2083--2083
 []|\TU/lmr/bx/n/9 Round| 
 []


Overfull \hbox (9.61612pt too wide) in paragraph at lines 2083--2083
 []|[]| 
 []


Overfull \hbox (0.50813pt too wide) in paragraph at lines 2083--2083
 []|[]| 
 []


Overfull \hbox (4.90572pt too wide) in paragraph at lines 2081--2085
[] 
 []


Overfull \hbox (2.59726pt too wide) in paragraph at lines 2089--2089
 []|\TU/lmr/bx/n/9 Round| 
 []


Overfull \hbox (9.61612pt too wide) in paragraph at lines 2089--2089
 []|[]| 
 []


Overfull \hbox (0.50813pt too wide) in paragraph at lines 2089--2089
 []|[]| 
 []


Overfull \hbox (4.90572pt too wide) in paragraph at lines 2087--2092
[] 
 []


Overfull \hbox (2.59726pt too wide) in paragraph at lines 2096--2096
 []|\TU/lmr/bx/n/9 Round| 
 []


Overfull \hbox (9.61612pt too wide) in paragraph at lines 2096--2096
 []|[]| 
 []


Overfull \hbox (0.50813pt too wide) in paragraph at lines 2096--2096
 []|[]| 
 []


Overfull \hbox (4.90572pt too wide) in paragraph at lines 2094--2099
[] 
 []


Overfull \hbox (2.59726pt too wide) in paragraph at lines 2103--2103
 []|\TU/lmr/bx/n/9 Round| 
 []


Overfull \hbox (9.61612pt too wide) in paragraph at lines 2103--2103
 []|[]| 
 []


Overfull \hbox (0.50813pt too wide) in paragraph at lines 2103--2103
 []|[]| 
 []


Overfull \hbox (4.90572pt too wide) in paragraph at lines 2101--2105
[] 
 []


Overfull \hbox (2.59726pt too wide) in paragraph at lines 2109--2109
 []|\TU/lmr/bx/n/9 Round| 
 []


Overfull \hbox (9.61612pt too wide) in paragraph at lines 2109--2109
 []|[]| 
 []


Overfull \hbox (0.50813pt too wide) in paragraph at lines 2109--2109
 []|[]| 
 []


Overfull \hbox (4.90572pt too wide) in paragraph at lines 2107--2111
[] 
 []


Overfull \hbox (2.59726pt too wide) in paragraph at lines 2115--2115
 []|\TU/lmr/bx/n/9 Round| 
 []


Overfull \hbox (9.61612pt too wide) in paragraph at lines 2115--2115
 []|[]| 
 []


Overfull \hbox (0.50813pt too wide) in paragraph at lines 2115--2115
 []|[]| 
 []


Overfull \hbox (4.90572pt too wide) in paragraph at lines 2113--2118
[] 
 []



[40]
Overfull \hbox (2.59726pt too wide) in paragraph at lines 2122--2122
 []|\TU/lmr/bx/n/9 Round| 
 []


Overfull \hbox (9.61612pt too wide) in paragraph at lines 2122--2122
 []|[]| 
 []


Overfull \hbox (0.50813pt too wide) in paragraph at lines 2122--2122
 []|[]| 
 []


Overfull \hbox (4.90572pt too wide) in paragraph at lines 2120--2124
[] 
 []


Overfull \hbox (2.59726pt too wide) in paragraph at lines 2128--2128
 []|\TU/lmr/bx/n/9 Round| 
 []


Overfull \hbox (9.61612pt too wide) in paragraph at lines 2128--2128
 []|[]| 
 []


Overfull \hbox (0.50813pt too wide) in paragraph at lines 2128--2128
 []|[]| 
 []


Overfull \hbox (4.90572pt too wide) in paragraph at lines 2126--2130
[] 
 []


Overfull \hbox (2.59726pt too wide) in paragraph at lines 2134--2134
 []|\TU/lmr/bx/n/9 Round| 
 []


Overfull \hbox (9.61612pt too wide) in paragraph at lines 2134--2134
 []|[]| 
 []


Overfull \hbox (0.50813pt too wide) in paragraph at lines 2134--2134
 []|[]| 
 []


Overfull \hbox (4.90572pt too wide) in paragraph at lines 2132--2137
[] 
 []


Overfull \hbox (2.59726pt too wide) in paragraph at lines 2141--2141
 []|\TU/lmr/bx/n/9 Round| 
 []


Overfull \hbox (9.61612pt too wide) in paragraph at lines 2141--2141
 []|[]| 
 []


Overfull \hbox (0.50813pt too wide) in paragraph at lines 2141--2141
 []|[]| 
 []


Overfull \hbox (4.90572pt too wide) in paragraph at lines 2139--2144
[] 
 []


Overfull \hbox (2.59726pt too wide) in paragraph at lines 2148--2148
 []|\TU/lmr/bx/n/9 Round| 
 []


Overfull \hbox (9.61612pt too wide) in paragraph at lines 2148--2148
 []|[]| 
 []


Overfull \hbox (0.50813pt too wide) in paragraph at lines 2148--2148
 []|[]| 
 []


Overfull \hbox (4.90572pt too wide) in paragraph at lines 2146--2151
[] 
 []


Overfull \hbox (2.59726pt too wide) in paragraph at lines 2155--2155
 []|\TU/lmr/bx/n/9 Round| 
 []


Overfull \hbox (9.61612pt too wide) in paragraph at lines 2155--2155
 []|[]| 
 []


Overfull \hbox (0.50813pt too wide) in paragraph at lines 2155--2155
 []|[]| 
 []


Overfull \hbox (4.90572pt too wide) in paragraph at lines 2153--2158
[] 
 []


Overfull \hbox (2.59726pt too wide) in paragraph at lines 2162--2162
 []|\TU/lmr/bx/n/9 Round| 
 []


Overfull \hbox (9.61612pt too wide) in paragraph at lines 2162--2162
 []|[]| 
 []


Overfull \hbox (0.50813pt too wide) in paragraph at lines 2162--2162
 []|[]| 
 []


Overfull \hbox (4.90572pt too wide) in paragraph at lines 2160--2165
[] 
 []


Overfull \hbox (2.59726pt too wide) in paragraph at lines 2169--2169
 []|\TU/lmr/bx/n/9 Round| 
 []


Overfull \hbox (9.61612pt too wide) in paragraph at lines 2169--2169
 []|[]| 
 []


Overfull \hbox (0.50813pt too wide) in paragraph at lines 2169--2169
 []|[]| 
 []


Overfull \hbox (4.90572pt too wide) in paragraph at lines 2167--2171
[] 
 []


Overfull \hbox (2.59726pt too wide) in paragraph at lines 2175--2175
 []|\TU/lmr/bx/n/9 Round| 
 []


Overfull \hbox (9.61612pt too wide) in paragraph at lines 2175--2175
 []|[]| 
 []


Overfull \hbox (0.50813pt too wide) in paragraph at lines 2175--2175
 []|[]| 
 []


Overfull \hbox (4.90572pt too wide) in paragraph at lines 2173--2177
[] 
 []


Overfull \hbox (2.59726pt too wide) in paragraph at lines 2181--2181
 []|\TU/lmr/bx/n/9 Round| 
 []


Overfull \hbox (9.61612pt too wide) in paragraph at lines 2181--2181
 []|[]| 
 []


Overfull \hbox (0.50813pt too wide) in paragraph at lines 2181--2181
 []|[]| 
 []


Overfull \hbox (4.90572pt too wide) in paragraph at lines 2179--2183
[] 
 []


Overfull \hbox (2.59726pt too wide) in paragraph at lines 2187--2187
 []|\TU/lmr/bx/n/9 Round| 
 []


Overfull \hbox (9.61612pt too wide) in paragraph at lines 2187--2187
 []|[]| 
 []


Overfull \hbox (0.50813pt too wide) in paragraph at lines 2187--2187
 []|[]| 
 []


Overfull \hbox (4.90572pt too wide) in paragraph at lines 2185--2189
[] 
 []


Overfull \hbox (2.59726pt too wide) in paragraph at lines 2193--2193
 []|\TU/lmr/bx/n/9 Round| 
 []


Overfull \hbox (9.61612pt too wide) in paragraph at lines 2193--2193
 []|[]| 
 []


Overfull \hbox (0.50813pt too wide) in paragraph at lines 2193--2193
 []|[]| 
 []


Overfull \hbox (4.90572pt too wide) in paragraph at lines 2191--2195
[] 
 []



[41]
Overfull \hbox (2.59726pt too wide) in paragraph at lines 2199--2199
 []|\TU/lmr/bx/n/9 Round| 
 []


Overfull \hbox (9.61612pt too wide) in paragraph at lines 2199--2199
 []|[]| 
 []


Overfull \hbox (0.50813pt too wide) in paragraph at lines 2199--2199
 []|[]| 
 []


Overfull \hbox (4.90572pt too wide) in paragraph at lines 2197--2201
[] 
 []


Overfull \hbox (2.59726pt too wide) in paragraph at lines 2205--2205
 []|\TU/lmr/bx/n/9 Round| 
 []


Overfull \hbox (9.61612pt too wide) in paragraph at lines 2205--2205
 []|[]| 
 []


Overfull \hbox (0.50813pt too wide) in paragraph at lines 2205--2205
 []|[]| 
 []


Overfull \hbox (4.90572pt too wide) in paragraph at lines 2203--2208
[] 
 []


Overfull \hbox (2.59726pt too wide) in paragraph at lines 2212--2212
 []|\TU/lmr/bx/n/9 Round| 
 []


Overfull \hbox (9.61612pt too wide) in paragraph at lines 2212--2212
 []|[]| 
 []


Overfull \hbox (0.50813pt too wide) in paragraph at lines 2212--2212
 []|[]| 
 []


Overfull \hbox (4.90572pt too wide) in paragraph at lines 2210--2215
[] 
 []


Overfull \hbox (2.59726pt too wide) in paragraph at lines 2219--2219
 []|\TU/lmr/bx/n/9 Round| 
 []


Overfull \hbox (9.61612pt too wide) in paragraph at lines 2219--2219
 []|[]| 
 []


Overfull \hbox (0.50813pt too wide) in paragraph at lines 2219--2219
 []|[]| 
 []


Overfull \hbox (4.90572pt too wide) in paragraph at lines 2217--2221
[] 
 []


Overfull \hbox (2.59726pt too wide) in paragraph at lines 2225--2225
 []|\TU/lmr/bx/n/9 Round| 
 []


Overfull \hbox (9.61612pt too wide) in paragraph at lines 2225--2225
 []|[]| 
 []


Overfull \hbox (0.50813pt too wide) in paragraph at lines 2225--2225
 []|[]| 
 []


Overfull \hbox (4.90572pt too wide) in paragraph at lines 2223--2227
[] 
 []


Overfull \hbox (2.59726pt too wide) in paragraph at lines 2231--2231
 []|\TU/lmr/bx/n/9 Round| 
 []


Overfull \hbox (9.61612pt too wide) in paragraph at lines 2231--2231
 []|[]| 
 []


Overfull \hbox (0.50813pt too wide) in paragraph at lines 2231--2231
 []|[]| 
 []


Overfull \hbox (4.90572pt too wide) in paragraph at lines 2229--2234
[] 
 []


Overfull \hbox (2.59726pt too wide) in paragraph at lines 2238--2238
 []|\TU/lmr/bx/n/9 Round| 
 []


Overfull \hbox (9.61612pt too wide) in paragraph at lines 2238--2238
 []|[]| 
 []


Overfull \hbox (0.50813pt too wide) in paragraph at lines 2238--2238
 []|[]| 
 []


Overfull \hbox (4.90572pt too wide) in paragraph at lines 2236--2241
[] 
 []


Overfull \hbox (2.59726pt too wide) in paragraph at lines 2245--2245
 []|\TU/lmr/bx/n/9 Round| 
 []


Overfull \hbox (9.61612pt too wide) in paragraph at lines 2245--2245
 []|[]| 
 []


Overfull \hbox (0.50813pt too wide) in paragraph at lines 2245--2245
 []|[]| 
 []


Overfull \hbox (4.90572pt too wide) in paragraph at lines 2243--2247
[] 
 []


Overfull \hbox (2.59726pt too wide) in paragraph at lines 2251--2251
 []|\TU/lmr/bx/n/9 Round| 
 []


Overfull \hbox (9.61612pt too wide) in paragraph at lines 2251--2251
 []|[]| 
 []


Overfull \hbox (0.50813pt too wide) in paragraph at lines 2251--2251
 []|[]| 
 []


Overfull \hbox (4.90572pt too wide) in paragraph at lines 2249--2254
[] 
 []


Overfull \hbox (2.59726pt too wide) in paragraph at lines 2258--2258
 []|\TU/lmr/bx/n/9 Round| 
 []


Overfull \hbox (9.61612pt too wide) in paragraph at lines 2258--2258
 []|[]| 
 []


Overfull \hbox (0.50813pt too wide) in paragraph at lines 2258--2258
 []|[]| 
 []


Overfull \hbox (4.90572pt too wide) in paragraph at lines 2256--2261
[] 
 []


Overfull \hbox (2.59726pt too wide) in paragraph at lines 2265--2265
 []|\TU/lmr/bx/n/9 Round| 
 []


Overfull \hbox (9.61612pt too wide) in paragraph at lines 2265--2265
 []|[]| 
 []


Overfull \hbox (0.50813pt too wide) in paragraph at lines 2265--2265
 []|[]| 
 []


Overfull \hbox (4.90572pt too wide) in paragraph at lines 2263--2268
[] 
 []



[42]
Overfull \hbox (2.59726pt too wide) in paragraph at lines 2272--2272
 []|\TU/lmr/bx/n/9 Round| 
 []


Overfull \hbox (9.61612pt too wide) in paragraph at lines 2272--2272
 []|[]| 
 []


Overfull \hbox (0.50813pt too wide) in paragraph at lines 2272--2272
 []|[]| 
 []


Overfull \hbox (4.90572pt too wide) in paragraph at lines 2270--2275
[] 
 []


Overfull \hbox (2.59726pt too wide) in paragraph at lines 2279--2279
 []|\TU/lmr/bx/n/9 Round| 
 []


Overfull \hbox (9.61612pt too wide) in paragraph at lines 2279--2279
 []|[]| 
 []


Overfull \hbox (0.50813pt too wide) in paragraph at lines 2279--2279
 []|[]| 
 []


Overfull \hbox (4.90572pt too wide) in paragraph at lines 2277--2282
[] 
 []


Overfull \hbox (2.59726pt too wide) in paragraph at lines 2286--2286
 []|\TU/lmr/bx/n/9 Round| 
 []


Overfull \hbox (9.61612pt too wide) in paragraph at lines 2286--2286
 []|[]| 
 []


Overfull \hbox (0.50813pt too wide) in paragraph at lines 2286--2286
 []|[]| 
 []


Overfull \hbox (4.90572pt too wide) in paragraph at lines 2284--2289
[] 
 []


Overfull \hbox (2.59726pt too wide) in paragraph at lines 2293--2293
 []|\TU/lmr/bx/n/9 Round| 
 []


Overfull \hbox (9.61612pt too wide) in paragraph at lines 2293--2293
 []|[]| 
 []


Overfull \hbox (0.50813pt too wide) in paragraph at lines 2293--2293
 []|[]| 
 []


Overfull \hbox (4.90572pt too wide) in paragraph at lines 2291--2296
[] 
 []


Overfull \hbox (2.59726pt too wide) in paragraph at lines 2300--2300
 []|\TU/lmr/bx/n/9 Round| 
 []


Overfull \hbox (9.61612pt too wide) in paragraph at lines 2300--2300
 []|[]| 
 []


Overfull \hbox (0.50813pt too wide) in paragraph at lines 2300--2300
 []|[]| 
 []


Overfull \hbox (4.90572pt too wide) in paragraph at lines 2298--2303
[] 
 []


Overfull \hbox (2.59726pt too wide) in paragraph at lines 2307--2307
 []|\TU/lmr/bx/n/9 Round| 
 []


Overfull \hbox (9.61612pt too wide) in paragraph at lines 2307--2307
 []|[]| 
 []


Overfull \hbox (0.50813pt too wide) in paragraph at lines 2307--2307
 []|[]| 
 []


Overfull \hbox (4.90572pt too wide) in paragraph at lines 2305--2310
[] 
 []


Overfull \hbox (2.59726pt too wide) in paragraph at lines 2314--2314
 []|\TU/lmr/bx/n/9 Round| 
 []


Overfull \hbox (9.61612pt too wide) in paragraph at lines 2314--2314
 []|[]| 
 []


Overfull \hbox (0.50813pt too wide) in paragraph at lines 2314--2314
 []|[]| 
 []


Overfull \hbox (4.90572pt too wide) in paragraph at lines 2312--2316
[] 
 []


Overfull \hbox (2.59726pt too wide) in paragraph at lines 2320--2320
 []|\TU/lmr/bx/n/9 Round| 
 []


Overfull \hbox (9.61612pt too wide) in paragraph at lines 2320--2320
 []|[]| 
 []


Overfull \hbox (0.50813pt too wide) in paragraph at lines 2320--2320
 []|[]| 
 []


Overfull \hbox (4.90572pt too wide) in paragraph at lines 2318--2323
[] 
 []


Overfull \hbox (2.59726pt too wide) in paragraph at lines 2327--2327
 []|\TU/lmr/bx/n/9 Round| 
 []


Overfull \hbox (9.61612pt too wide) in paragraph at lines 2327--2327
 []|[]| 
 []


Overfull \hbox (0.50813pt too wide) in paragraph at lines 2327--2327
 []|[]| 
 []


Overfull \hbox (4.90572pt too wide) in paragraph at lines 2325--2330
[] 
 []



[43]
Overfull \hbox (2.59726pt too wide) in paragraph at lines 2334--2334
 []|\TU/lmr/bx/n/9 Round| 
 []


Overfull \hbox (9.61612pt too wide) in paragraph at lines 2334--2334
 []|[]| 
 []


Overfull \hbox (0.50813pt too wide) in paragraph at lines 2334--2334
 []|[]| 
 []


Overfull \hbox (4.90572pt too wide) in paragraph at lines 2332--2336
[] 
 []


Overfull \hbox (2.59726pt too wide) in paragraph at lines 2340--2340
 []|\TU/lmr/bx/n/9 Round| 
 []


Overfull \hbox (9.61612pt too wide) in paragraph at lines 2340--2340
 []|[]| 
 []


Overfull \hbox (0.50813pt too wide) in paragraph at lines 2340--2340
 []|[]| 
 []


Overfull \hbox (4.90572pt too wide) in paragraph at lines 2338--2342
[] 
 []


Overfull \hbox (2.59726pt too wide) in paragraph at lines 2347--2347
 []|\TU/lmr/bx/n/9 Round| 
 []


Overfull \hbox (9.61612pt too wide) in paragraph at lines 2347--2347
 []|[]| 
 []


Overfull \hbox (0.50813pt too wide) in paragraph at lines 2347--2347
 []|[]| 
 []


Overfull \hbox (4.90572pt too wide) in paragraph at lines 2345--2350
[] 
 []


Overfull \hbox (2.59726pt too wide) in paragraph at lines 2354--2354
 []|\TU/lmr/bx/n/9 Round| 
 []


Overfull \hbox (9.61612pt too wide) in paragraph at lines 2354--2354
 []|[]| 
 []


Overfull \hbox (0.50813pt too wide) in paragraph at lines 2354--2354
 []|[]| 
 []


Overfull \hbox (4.90572pt too wide) in paragraph at lines 2352--2356
[] 
 []


Overfull \hbox (2.59726pt too wide) in paragraph at lines 2360--2360
 []|\TU/lmr/bx/n/9 Round| 
 []


Overfull \hbox (9.61612pt too wide) in paragraph at lines 2360--2360
 []|[]| 
 []


Overfull \hbox (0.50813pt too wide) in paragraph at lines 2360--2360
 []|[]| 
 []


Overfull \hbox (4.90572pt too wide) in paragraph at lines 2358--2362
[] 
 []


Overfull \hbox (2.59726pt too wide) in paragraph at lines 2366--2366
 []|\TU/lmr/bx/n/9 Round| 
 []


Overfull \hbox (9.61612pt too wide) in paragraph at lines 2366--2366
 []|[]| 
 []


Overfull \hbox (0.50813pt too wide) in paragraph at lines 2366--2366
 []|[]| 
 []


Overfull \hbox (4.90572pt too wide) in paragraph at lines 2364--2369
[] 
 []


Overfull \hbox (2.59726pt too wide) in paragraph at lines 2373--2373
 []|\TU/lmr/bx/n/9 Round| 
 []


Overfull \hbox (9.61612pt too wide) in paragraph at lines 2373--2373
 []|[]| 
 []


Overfull \hbox (0.50813pt too wide) in paragraph at lines 2373--2373
 []|[]| 
 []


Overfull \hbox (4.90572pt too wide) in paragraph at lines 2371--2375
[] 
 []


Overfull \hbox (2.59726pt too wide) in paragraph at lines 2379--2379
 []|\TU/lmr/bx/n/9 Round| 
 []


Overfull \hbox (9.61612pt too wide) in paragraph at lines 2379--2379
 []|[]| 
 []


Overfull \hbox (0.50813pt too wide) in paragraph at lines 2379--2379
 []|[]| 
 []


Overfull \hbox (4.90572pt too wide) in paragraph at lines 2377--2381
[] 
 []


Overfull \hbox (2.59726pt too wide) in paragraph at lines 2385--2385
 []|\TU/lmr/bx/n/9 Round| 
 []


Overfull \hbox (9.61612pt too wide) in paragraph at lines 2385--2385
 []|[]| 
 []


Overfull \hbox (0.50813pt too wide) in paragraph at lines 2385--2385
 []|[]| 
 []


Overfull \hbox (4.90572pt too wide) in paragraph at lines 2383--2387
[] 
 []


Overfull \hbox (2.59726pt too wide) in paragraph at lines 2391--2391
 []|\TU/lmr/bx/n/9 Round| 
 []


Overfull \hbox (9.61612pt too wide) in paragraph at lines 2391--2391
 []|[]| 
 []


Overfull \hbox (0.50813pt too wide) in paragraph at lines 2391--2391
 []|[]| 
 []


Overfull \hbox (4.90572pt too wide) in paragraph at lines 2389--2393
[] 
 []


Overfull \hbox (2.59726pt too wide) in paragraph at lines 2397--2397
 []|\TU/lmr/bx/n/9 Round| 
 []


Overfull \hbox (9.61612pt too wide) in paragraph at lines 2397--2397
 []|[]| 
 []


Overfull \hbox (0.50813pt too wide) in paragraph at lines 2397--2397
 []|[]| 
 []


Overfull \hbox (4.90572pt too wide) in paragraph at lines 2395--2399
[] 
 []


Overfull \hbox (2.59726pt too wide) in paragraph at lines 2403--2403
 []|\TU/lmr/bx/n/9 Round| 
 []


Overfull \hbox (9.61612pt too wide) in paragraph at lines 2403--2403
 []|[]| 
 []


Overfull \hbox (0.50813pt too wide) in paragraph at lines 2403--2403
 []|[]| 
 []


Overfull \hbox (4.90572pt too wide) in paragraph at lines 2401--2405
[] 
 []



[44]
Overfull \hbox (2.59726pt too wide) in paragraph at lines 2409--2409
 []|\TU/lmr/bx/n/9 Round| 
 []


Overfull \hbox (9.61612pt too wide) in paragraph at lines 2409--2409
 []|[]| 
 []


Overfull \hbox (0.50813pt too wide) in paragraph at lines 2409--2409
 []|[]| 
 []


Overfull \hbox (4.90572pt too wide) in paragraph at lines 2407--2412
[] 
 []


Overfull \hbox (2.59726pt too wide) in paragraph at lines 2416--2416
 []|\TU/lmr/bx/n/9 Round| 
 []


Overfull \hbox (9.61612pt too wide) in paragraph at lines 2416--2416
 []|[]| 
 []


Overfull \hbox (0.50813pt too wide) in paragraph at lines 2416--2416
 []|[]| 
 []


Overfull \hbox (4.90572pt too wide) in paragraph at lines 2414--2418
[] 
 []


Overfull \hbox (2.59726pt too wide) in paragraph at lines 2422--2422
 []|\TU/lmr/bx/n/9 Round| 
 []


Overfull \hbox (9.61612pt too wide) in paragraph at lines 2422--2422
 []|[]| 
 []


Overfull \hbox (0.50813pt too wide) in paragraph at lines 2422--2422
 []|[]| 
 []


Overfull \hbox (4.90572pt too wide) in paragraph at lines 2420--2425
[] 
 []


Overfull \hbox (2.59726pt too wide) in paragraph at lines 2429--2429
 []|\TU/lmr/bx/n/9 Round| 
 []


Overfull \hbox (9.61612pt too wide) in paragraph at lines 2429--2429
 []|[]| 
 []


Overfull \hbox (0.50813pt too wide) in paragraph at lines 2429--2429
 []|[]| 
 []


Overfull \hbox (4.90572pt too wide) in paragraph at lines 2427--2431
[] 
 []


Overfull \hbox (2.59726pt too wide) in paragraph at lines 2435--2435
 []|\TU/lmr/bx/n/9 Round| 
 []


Overfull \hbox (9.61612pt too wide) in paragraph at lines 2435--2435
 []|[]| 
 []


Overfull \hbox (0.50813pt too wide) in paragraph at lines 2435--2435
 []|[]| 
 []


Overfull \hbox (4.90572pt too wide) in paragraph at lines 2433--2437
[] 
 []


Overfull \hbox (2.59726pt too wide) in paragraph at lines 2441--2441
 []|\TU/lmr/bx/n/9 Round| 
 []


Overfull \hbox (9.61612pt too wide) in paragraph at lines 2441--2441
 []|[]| 
 []


Overfull \hbox (0.50813pt too wide) in paragraph at lines 2441--2441
 []|[]| 
 []


Overfull \hbox (4.90572pt too wide) in paragraph at lines 2439--2443
[] 
 []


Overfull \hbox (2.59726pt too wide) in paragraph at lines 2447--2447
 []|\TU/lmr/bx/n/9 Round| 
 []


Overfull \hbox (9.61612pt too wide) in paragraph at lines 2447--2447
 []|[]| 
 []


Overfull \hbox (0.50813pt too wide) in paragraph at lines 2447--2447
 []|[]| 
 []


Overfull \hbox (4.90572pt too wide) in paragraph at lines 2445--2449
[] 
 []


Overfull \hbox (2.59726pt too wide) in paragraph at lines 2453--2453
 []|\TU/lmr/bx/n/9 Round| 
 []


Overfull \hbox (9.61612pt too wide) in paragraph at lines 2453--2453
 []|[]| 
 []


Overfull \hbox (0.50813pt too wide) in paragraph at lines 2453--2453
 []|[]| 
 []


Overfull \hbox (4.90572pt too wide) in paragraph at lines 2451--2455
[] 
 []


Overfull \hbox (2.59726pt too wide) in paragraph at lines 2459--2459
 []|\TU/lmr/bx/n/9 Round| 
 []


Overfull \hbox (9.61612pt too wide) in paragraph at lines 2459--2459
 []|[]| 
 []


Overfull \hbox (0.50813pt too wide) in paragraph at lines 2459--2459
 []|[]| 
 []


Overfull \hbox (4.90572pt too wide) in paragraph at lines 2457--2461
[] 
 []


Overfull \hbox (2.59726pt too wide) in paragraph at lines 2465--2465
 []|\TU/lmr/bx/n/9 Round| 
 []


Overfull \hbox (9.61612pt too wide) in paragraph at lines 2465--2465
 []|[]| 
 []


Overfull \hbox (0.50813pt too wide) in paragraph at lines 2465--2465
 []|[]| 
 []


Overfull \hbox (4.90572pt too wide) in paragraph at lines 2463--2467
[] 
 []


Overfull \hbox (2.59726pt too wide) in paragraph at lines 2471--2471
 []|\TU/lmr/bx/n/9 Round| 
 []


Overfull \hbox (9.61612pt too wide) in paragraph at lines 2471--2471
 []|[]| 
 []


Overfull \hbox (0.50813pt too wide) in paragraph at lines 2471--2471
 []|[]| 
 []


Overfull \hbox (4.90572pt too wide) in paragraph at lines 2469--2473
[] 
 []


Overfull \hbox (2.59726pt too wide) in paragraph at lines 2477--2477
 []|\TU/lmr/bx/n/9 Round| 
 []


Overfull \hbox (9.61612pt too wide) in paragraph at lines 2477--2477
 []|[]| 
 []


Overfull \hbox (0.50813pt too wide) in paragraph at lines 2477--2477
 []|[]| 
 []


Overfull \hbox (4.90572pt too wide) in paragraph at lines 2475--2479
[] 
 []



[45]
Overfull \hbox (2.59726pt too wide) in paragraph at lines 2483--2483
 []|\TU/lmr/bx/n/9 Round| 
 []


Overfull \hbox (9.61612pt too wide) in paragraph at lines 2483--2483
 []|[]| 
 []


Overfull \hbox (0.50813pt too wide) in paragraph at lines 2483--2483
 []|[]| 
 []


Overfull \hbox (4.90572pt too wide) in paragraph at lines 2481--2485
[] 
 []


Overfull \hbox (2.59726pt too wide) in paragraph at lines 2489--2489
 []|\TU/lmr/bx/n/9 Round| 
 []


Overfull \hbox (9.61612pt too wide) in paragraph at lines 2489--2489
 []|[]| 
 []


Overfull \hbox (0.50813pt too wide) in paragraph at lines 2489--2489
 []|[]| 
 []


Overfull \hbox (4.90572pt too wide) in paragraph at lines 2487--2491
[] 
 []


Overfull \hbox (2.59726pt too wide) in paragraph at lines 2495--2495
 []|\TU/lmr/bx/n/9 Round| 
 []


Overfull \hbox (9.61612pt too wide) in paragraph at lines 2495--2495
 []|[]| 
 []


Overfull \hbox (0.50813pt too wide) in paragraph at lines 2495--2495
 []|[]| 
 []


Overfull \hbox (4.90572pt too wide) in paragraph at lines 2493--2497
[] 
 []


Overfull \hbox (2.59726pt too wide) in paragraph at lines 2501--2501
 []|\TU/lmr/bx/n/9 Round| 
 []


Overfull \hbox (9.61612pt too wide) in paragraph at lines 2501--2501
 []|[]| 
 []


Overfull \hbox (0.50813pt too wide) in paragraph at lines 2501--2501
 []|[]| 
 []


Overfull \hbox (4.90572pt too wide) in paragraph at lines 2499--2503
[] 
 []


Overfull \hbox (2.59726pt too wide) in paragraph at lines 2507--2507
 []|\TU/lmr/bx/n/9 Round| 
 []


Overfull \hbox (9.61612pt too wide) in paragraph at lines 2507--2507
 []|[]| 
 []


Overfull \hbox (0.50813pt too wide) in paragraph at lines 2507--2507
 []|[]| 
 []


Overfull \hbox (4.90572pt too wide) in paragraph at lines 2505--2509
[] 
 []


Overfull \hbox (2.59726pt too wide) in paragraph at lines 2513--2513
 []|\TU/lmr/bx/n/9 Round| 
 []


Overfull \hbox (9.61612pt too wide) in paragraph at lines 2513--2513
 []|[]| 
 []


Overfull \hbox (0.50813pt too wide) in paragraph at lines 2513--2513
 []|[]| 
 []


Overfull \hbox (4.90572pt too wide) in paragraph at lines 2511--2515
[] 
 []


Overfull \hbox (2.59726pt too wide) in paragraph at lines 2519--2519
 []|\TU/lmr/bx/n/9 Round| 
 []


Overfull \hbox (9.61612pt too wide) in paragraph at lines 2519--2519
 []|[]| 
 []


Overfull \hbox (0.50813pt too wide) in paragraph at lines 2519--2519
 []|[]| 
 []


Overfull \hbox (4.90572pt too wide) in paragraph at lines 2517--2521
[] 
 []


Overfull \hbox (2.59726pt too wide) in paragraph at lines 2525--2525
 []|\TU/lmr/bx/n/9 Round| 
 []


Overfull \hbox (9.61612pt too wide) in paragraph at lines 2525--2525
 []|[]| 
 []


Overfull \hbox (0.50813pt too wide) in paragraph at lines 2525--2525
 []|[]| 
 []


Overfull \hbox (4.90572pt too wide) in paragraph at lines 2523--2527
[] 
 []


Overfull \hbox (2.59726pt too wide) in paragraph at lines 2531--2531
 []|\TU/lmr/bx/n/9 Round| 
 []


Overfull \hbox (9.61612pt too wide) in paragraph at lines 2531--2531
 []|[]| 
 []


Overfull \hbox (0.50813pt too wide) in paragraph at lines 2531--2531
 []|[]| 
 []


Overfull \hbox (4.90572pt too wide) in paragraph at lines 2529--2533
[] 
 []


Overfull \hbox (2.59726pt too wide) in paragraph at lines 2537--2537
 []|\TU/lmr/bx/n/9 Round| 
 []


Overfull \hbox (9.61612pt too wide) in paragraph at lines 2537--2537
 []|[]| 
 []


Overfull \hbox (0.50813pt too wide) in paragraph at lines 2537--2537
 []|[]| 
 []


Overfull \hbox (4.90572pt too wide) in paragraph at lines 2535--2539
[] 
 []


Overfull \hbox (2.59726pt too wide) in paragraph at lines 2543--2543
 []|\TU/lmr/bx/n/9 Round| 
 []


Overfull \hbox (9.61612pt too wide) in paragraph at lines 2543--2543
 []|[]| 
 []


Overfull \hbox (0.50813pt too wide) in paragraph at lines 2543--2543
 []|[]| 
 []


Overfull \hbox (4.90572pt too wide) in paragraph at lines 2541--2545
[] 
 []


Overfull \hbox (2.59726pt too wide) in paragraph at lines 2549--2549
 []|\TU/lmr/bx/n/9 Round| 
 []


Overfull \hbox (9.61612pt too wide) in paragraph at lines 2549--2549
 []|[]| 
 []


Overfull \hbox (0.50813pt too wide) in paragraph at lines 2549--2549
 []|[]| 
 []


Overfull \hbox (4.90572pt too wide) in paragraph at lines 2547--2551
[] 
 []



[46]
Overfull \hbox (2.59726pt too wide) in paragraph at lines 2555--2555
 []|\TU/lmr/bx/n/9 Round| 
 []


Overfull \hbox (9.61612pt too wide) in paragraph at lines 2555--2555
 []|[]| 
 []


Overfull \hbox (0.50813pt too wide) in paragraph at lines 2555--2555
 []|[]| 
 []


Overfull \hbox (4.90572pt too wide) in paragraph at lines 2553--2557
[] 
 []


Overfull \hbox (2.59726pt too wide) in paragraph at lines 2561--2561
 []|\TU/lmr/bx/n/9 Round| 
 []


Overfull \hbox (9.61612pt too wide) in paragraph at lines 2561--2561
 []|[]| 
 []


Overfull \hbox (0.50813pt too wide) in paragraph at lines 2561--2561
 []|[]| 
 []


Overfull \hbox (4.90572pt too wide) in paragraph at lines 2559--2563
[] 
 []


Overfull \hbox (2.59726pt too wide) in paragraph at lines 2567--2567
 []|\TU/lmr/bx/n/9 Round| 
 []


Overfull \hbox (9.61612pt too wide) in paragraph at lines 2567--2567
 []|[]| 
 []


Overfull \hbox (0.50813pt too wide) in paragraph at lines 2567--2567
 []|[]| 
 []


Overfull \hbox (4.90572pt too wide) in paragraph at lines 2565--2569
[] 
 []


Overfull \hbox (2.59726pt too wide) in paragraph at lines 2573--2573
 []|\TU/lmr/bx/n/9 Round| 
 []


Overfull \hbox (9.61612pt too wide) in paragraph at lines 2573--2573
 []|[]| 
 []


Overfull \hbox (0.50813pt too wide) in paragraph at lines 2573--2573
 []|[]| 
 []


Overfull \hbox (4.90572pt too wide) in paragraph at lines 2571--2576
[] 
 []


Overfull \hbox (2.59726pt too wide) in paragraph at lines 2580--2580
 []|\TU/lmr/bx/n/9 Round| 
 []


Overfull \hbox (9.61612pt too wide) in paragraph at lines 2580--2580
 []|[]| 
 []


Overfull \hbox (0.50813pt too wide) in paragraph at lines 2580--2580
 []|[]| 
 []


Overfull \hbox (4.90572pt too wide) in paragraph at lines 2578--2583
[] 
 []


Overfull \hbox (2.59726pt too wide) in paragraph at lines 2587--2587
 []|\TU/lmr/bx/n/9 Round| 
 []


Overfull \hbox (9.61612pt too wide) in paragraph at lines 2587--2587
 []|[]| 
 []


Overfull \hbox (0.50813pt too wide) in paragraph at lines 2587--2587
 []|[]| 
 []


Overfull \hbox (4.90572pt too wide) in paragraph at lines 2585--2589
[] 
 []


Overfull \hbox (2.59726pt too wide) in paragraph at lines 2593--2593
 []|\TU/lmr/bx/n/9 Round| 
 []


Overfull \hbox (9.61612pt too wide) in paragraph at lines 2593--2593
 []|[]| 
 []


Overfull \hbox (0.50813pt too wide) in paragraph at lines 2593--2593
 []|[]| 
 []


Overfull \hbox (4.90572pt too wide) in paragraph at lines 2591--2596
[] 
 []


Overfull \hbox (2.59726pt too wide) in paragraph at lines 2600--2600
 []|\TU/lmr/bx/n/9 Round| 
 []


Overfull \hbox (9.61612pt too wide) in paragraph at lines 2600--2600
 []|[]| 
 []


Overfull \hbox (0.50813pt too wide) in paragraph at lines 2600--2600
 []|[]| 
 []


Overfull \hbox (4.90572pt too wide) in paragraph at lines 2598--2602
[] 
 []


Overfull \hbox (2.59726pt too wide) in paragraph at lines 2606--2606
 []|\TU/lmr/bx/n/9 Round| 
 []


Overfull \hbox (9.61612pt too wide) in paragraph at lines 2606--2606
 []|[]| 
 []


Overfull \hbox (0.50813pt too wide) in paragraph at lines 2606--2606
 []|[]| 
 []


Overfull \hbox (4.90572pt too wide) in paragraph at lines 2604--2608
[] 
 []


Overfull \hbox (2.59726pt too wide) in paragraph at lines 2612--2612
 []|\TU/lmr/bx/n/9 Round| 
 []


Overfull \hbox (9.61612pt too wide) in paragraph at lines 2612--2612
 []|[]| 
 []


Overfull \hbox (0.50813pt too wide) in paragraph at lines 2612--2612
 []|[]| 
 []


Overfull \hbox (4.90572pt too wide) in paragraph at lines 2610--2614
[] 
 []


Overfull \hbox (2.59726pt too wide) in paragraph at lines 2618--2618
 []|\TU/lmr/bx/n/9 Round| 
 []


Overfull \hbox (9.61612pt too wide) in paragraph at lines 2618--2618
 []|[]| 
 []


Overfull \hbox (0.50813pt too wide) in paragraph at lines 2618--2618
 []|[]| 
 []


Overfull \hbox (4.90572pt too wide) in paragraph at lines 2616--2620
[] 
 []


Overfull \hbox (2.59726pt too wide) in paragraph at lines 2624--2624
 []|\TU/lmr/bx/n/9 Round| 
 []


Overfull \hbox (9.61612pt too wide) in paragraph at lines 2624--2624
 []|[]| 
 []


Overfull \hbox (0.50813pt too wide) in paragraph at lines 2624--2624
 []|[]| 
 []


Overfull \hbox (4.90572pt too wide) in paragraph at lines 2622--2626
[] 
 []



[47]
Overfull \hbox (2.59726pt too wide) in paragraph at lines 2630--2630
 []|\TU/lmr/bx/n/9 Round| 
 []


Overfull \hbox (9.61612pt too wide) in paragraph at lines 2630--2630
 []|[]| 
 []


Overfull \hbox (0.50813pt too wide) in paragraph at lines 2630--2630
 []|[]| 
 []


Overfull \hbox (4.90572pt too wide) in paragraph at lines 2628--2633
[] 
 []


Overfull \hbox (2.59726pt too wide) in paragraph at lines 2637--2637
 []|\TU/lmr/bx/n/9 Round| 
 []


Overfull \hbox (9.61612pt too wide) in paragraph at lines 2637--2637
 []|[]| 
 []


Overfull \hbox (0.50813pt too wide) in paragraph at lines 2637--2637
 []|[]| 
 []


Overfull \hbox (4.90572pt too wide) in paragraph at lines 2635--2639
[] 
 []


Overfull \hbox (2.59726pt too wide) in paragraph at lines 2643--2643
 []|\TU/lmr/bx/n/9 Round| 
 []


Overfull \hbox (9.61612pt too wide) in paragraph at lines 2643--2643
 []|[]| 
 []


Overfull \hbox (0.50813pt too wide) in paragraph at lines 2643--2643
 []|[]| 
 []


Overfull \hbox (4.90572pt too wide) in paragraph at lines 2641--2645
[] 
 []


Overfull \hbox (2.59726pt too wide) in paragraph at lines 2649--2649
 []|\TU/lmr/bx/n/9 Round| 
 []


Overfull \hbox (9.61612pt too wide) in paragraph at lines 2649--2649
 []|[]| 
 []


Overfull \hbox (0.50813pt too wide) in paragraph at lines 2649--2649
 []|[]| 
 []


Overfull \hbox (4.90572pt too wide) in paragraph at lines 2647--2652
[] 
 []


Overfull \hbox (2.59726pt too wide) in paragraph at lines 2656--2656
 []|\TU/lmr/bx/n/9 Round| 
 []


Overfull \hbox (9.61612pt too wide) in paragraph at lines 2656--2656
 []|[]| 
 []


Overfull \hbox (0.50813pt too wide) in paragraph at lines 2656--2656
 []|[]| 
 []


Overfull \hbox (4.90572pt too wide) in paragraph at lines 2654--2659
[] 
 []


Overfull \hbox (2.59726pt too wide) in paragraph at lines 2663--2663
 []|\TU/lmr/bx/n/9 Round| 
 []


Overfull \hbox (9.61612pt too wide) in paragraph at lines 2663--2663
 []|[]| 
 []


Overfull \hbox (0.50813pt too wide) in paragraph at lines 2663--2663
 []|[]| 
 []


Overfull \hbox (4.90572pt too wide) in paragraph at lines 2661--2666
[] 
 []


Overfull \hbox (2.59726pt too wide) in paragraph at lines 2670--2670
 []|\TU/lmr/bx/n/9 Round| 
 []


Overfull \hbox (9.61612pt too wide) in paragraph at lines 2670--2670
 []|[]| 
 []


Overfull \hbox (0.50813pt too wide) in paragraph at lines 2670--2670
 []|[]| 
 []


Overfull \hbox (4.90572pt too wide) in paragraph at lines 2668--2673
[] 
 []


Overfull \hbox (2.59726pt too wide) in paragraph at lines 2677--2677
 []|\TU/lmr/bx/n/9 Round| 
 []


Overfull \hbox (9.61612pt too wide) in paragraph at lines 2677--2677
 []|[]| 
 []


Overfull \hbox (0.50813pt too wide) in paragraph at lines 2677--2677
 []|[]| 
 []


Overfull \hbox (4.90572pt too wide) in paragraph at lines 2675--2680
[] 
 []


Overfull \hbox (2.59726pt too wide) in paragraph at lines 2684--2684
 []|\TU/lmr/bx/n/9 Round| 
 []


Overfull \hbox (9.61612pt too wide) in paragraph at lines 2684--2684
 []|[]| 
 []


Overfull \hbox (0.50813pt too wide) in paragraph at lines 2684--2684
 []|[]| 
 []


Overfull \hbox (4.90572pt too wide) in paragraph at lines 2682--2686
[] 
 []


Overfull \hbox (2.59726pt too wide) in paragraph at lines 2690--2690
 []|\TU/lmr/bx/n/9 Round| 
 []


Overfull \hbox (9.61612pt too wide) in paragraph at lines 2690--2690
 []|[]| 
 []


Overfull \hbox (0.50813pt too wide) in paragraph at lines 2690--2690
 []|[]| 
 []


Overfull \hbox (4.90572pt too wide) in paragraph at lines 2688--2692
[] 
 []


Overfull \hbox (2.59726pt too wide) in paragraph at lines 2696--2696
 []|\TU/lmr/bx/n/9 Round| 
 []


Overfull \hbox (9.61612pt too wide) in paragraph at lines 2696--2696
 []|[]| 
 []


Overfull \hbox (0.50813pt too wide) in paragraph at lines 2696--2696
 []|[]| 
 []


Overfull \hbox (4.90572pt too wide) in paragraph at lines 2694--2699
[] 
 []



[48]
Overfull \hbox (2.59726pt too wide) in paragraph at lines 2703--2703
 []|\TU/lmr/bx/n/9 Round| 
 []


Overfull \hbox (9.61612pt too wide) in paragraph at lines 2703--2703
 []|[]| 
 []


Overfull \hbox (0.50813pt too wide) in paragraph at lines 2703--2703
 []|[]| 
 []


Overfull \hbox (4.90572pt too wide) in paragraph at lines 2701--2706
[] 
 []


Overfull \hbox (2.59726pt too wide) in paragraph at lines 2710--2710
 []|\TU/lmr/bx/n/9 Round| 
 []


Overfull \hbox (9.61612pt too wide) in paragraph at lines 2710--2710
 []|[]| 
 []


Overfull \hbox (0.50813pt too wide) in paragraph at lines 2710--2710
 []|[]| 
 []


Overfull \hbox (4.90572pt too wide) in paragraph at lines 2708--2712
[] 
 []



[49]
Overfull \hbox (17.33113pt too wide) in paragraph at lines 2721--2739
[]
 []


Underfull \hbox (badness 10000) in paragraph at lines 2721--2739

 []



[50

]
Overfull \hbox (1.4415pt too wide) in paragraph at lines 2757--2757
[]|\TU/lmr/m/n/9 Scope/Qualità| 
 []


Overfull \hbox (1.4415pt too wide) in paragraph at lines 2758--2758
[]|\TU/lmr/m/n/9 Scope/Qualità| 
 []


Underfull \hbox (badness 2608) in paragraph at lines 2758--2758
[]|\TU/lmr/m/n/9 Gli utenti preferiscono utilizzare altre
 []


Underfull \hbox (badness 1515) in paragraph at lines 2758--2758
[]|\TU/lmr/m/n/9 Contingenza: raccolta e analisi dei feed-
 []


Underfull \hbox (badness 1509) in paragraph at lines 2759--2759
[]|\TU/lmr/m/n/9 Contingenza: ridefinizione del target del-
 []


Underfull \hbox (badness 3148) in paragraph at lines 2763--2763
[]|\TU/lmr/m/n/9 Project mana-
 []


Overfull \hbox (1.4415pt too wide) in paragraph at lines 2763--2763
[]|\TU/lmr/m/n/9 Scope/Qualità| 
 []


Underfull \hbox (badness 2735) in paragraph at lines 2763--2763
[]|\TU/lmr/m/n/9 Mitigazione: monitoraggio continuo della
 []


Underfull \hbox (badness 3148) in paragraph at lines 2766--2766
[]|\TU/lmr/m/n/9 Project mana-
 []


Overfull \hbox (5.39488pt too wide) in paragraph at lines 2754--2769
[]
 []


Underfull \hbox (badness 10000) in paragraph at lines 2754--2769

 []



[51


]
Underfull \hbox (badness 1838) in paragraph at lines 2801--2801
[]|\TU/lmr/m/n/9 Implementazione della schermata Home per
 []


Underfull \hbox (badness 6173) in paragraph at lines 2802--2802
[]|\TU/lmr/m/n/9 Design della schermata Home per utenti
 []


Underfull \hbox (badness 1838) in paragraph at lines 2803--2803
[]|\TU/lmr/m/n/9 Implementazione della schermata Home per
 []


Underfull \hbox (badness 2772) in paragraph at lines 2808--2808
[]|\TU/lmr/m/n/9 Design della schermata Esplora per utenti
 []


Underfull \hbox (badness 3108) in paragraph at lines 2828--2828
[]|\TU/lmr/m/n/9 Design del sistema di inserimento di una
 []


Underfull \hbox (badness 1990) in paragraph at lines 2844--2844
[]|\TU/lmr/m/n/9 Design della sezione degli eventi creati da
 []


Underfull \hbox (badness 2818) in paragraph at lines 2848--2848
[]|\TU/lmr/m/n/9 Design del sistema di visualizzazione delle
 []


Underfull \hbox (badness 6658) in paragraph at lines 2858--2858
[]|\TU/lmr/m/n/9 Design della funzionalità di ricerca delle
 []


Underfull \hbox (badness 1297) in paragraph at lines 2880--2880
[]|\TU/lmr/m/n/9 Federico Bravetti, Tommaso
 []


Underfull \hbox (badness 4582) in paragraph at lines 2890--2890
[]|\TU/lmr/m/n/9 Sviluppo endpoint RBS 3.2.1 nel servizio
 []


Underfull \hbox (badness 4582) in paragraph at lines 2893--2893
[]|\TU/lmr/m/n/9 Sviluppo endpoint RBS 3.2.2 nel servizio
 []


Underfull \hbox (badness 6284) in paragraph at lines 2924--2924
[]|\TU/lmr/m/n/9 Aggiunta endpoint RBS 3.5.1 al servizio
 []


Underfull \hbox (badness 6284) in paragraph at lines 2930--2930
[]|\TU/lmr/m/n/9 Aggiunta endpoint RBS 3.5.3 al servizio
 []


Underfull \hbox (badness 3514) in paragraph at lines 2938--2938
[]|\TU/lmr/m/n/9 Implementazione schermata per i piani di
 []


Underfull \hbox (badness 4013) in paragraph at lines 2939--2939
[]|\TU/lmr/m/n/9 Integrazione sistema di abbonamento nelle
 []

[52


] [53] [54] [55] [56] [57] [58]

[59] (./notebook.aux)
 ***********
LaTeX2e <2024-11-01> patch level 2
L3 programming layer <2025-01-18>
 ***********
Package rerunfilecheck Info: File `notebook.out' has not changed.
(rerunfilecheck)             Checksum: CA6CCADC8B89FAF8629015802A94F00F;18063.
 ) 
Here is how much of TeX's memory you used:
 15247 strings out of 473832
 290404 string characters out of 5729482
 1124129 words of memory out of 5000000
 38101 multiletter control sequences out of 15000+600000
 565279 words of font info for 79 fonts, out of 8000000 for 9000
 1348 hyphenation exceptions out of 8191
 79i,13n,93p,813b,837s stack positions out of 10000i,1000n,20000p,200000b,200000s

Output written on notebook.pdf (59 pages).
