\BOOKMARK [1][-]{section.1}{\376\377\000C\000o\000n\000t\000e\000s\000t\000o\000\040\000a\000z\000i\000e\000n\000d\000a\000l\000e}{}% 1
\BOOKMARK [1][-]{section.2}{\376\377\000S\000c\000o\000p\000i\000n\000g}{}% 2
\BOOKMARK [2][-]{subsection.2.1}{\376\377\000P\000r\000o\000j\000e\000c\000t\000\040\000S\000c\000o\000p\000i\000n\000g\000\040\000M\000e\000e\000t\000i\000n\000g\000\040\000-\000\040\000A\000g\000e\000n\000d\000a}{section.2}% 3
\BOOKMARK [2][-]{subsection.2.2}{\376\377\000S\000e\000s\000s\000i\000o\000n\000e\000\040\0001\000\040\000\050\0001\0002\000\040\000G\000e\000n\000n\000a\000i\000o\000\040\0002\0000\0002\0006\000\051}{section.2}% 4
\BOOKMARK [3][-]{subsubsection.2.2.1}{\376\377\000I\000n\000t\000r\000o\000d\000u\000z\000i\000o\000n\000e}{subsection.2.2}% 5
\BOOKMARK [3][-]{subsubsection.2.2.2}{\376\377\000S\000c\000o\000p\000o\000\040\000d\000e\000l\000l\000a\000\040\000S\000e\000s\000s\000i\000o\000n\000e}{subsection.2.2}% 6
\BOOKMARK [3][-]{subsubsection.2.2.3}{\376\377\000S\000c\000o\000p\000o\000\040\000D\000e\000l\000\040\000M\000e\000e\000t\000i\000n\000g\000\040\000\050\000a\000g\000.\000\040\0001\000\051}{subsection.2.2}% 7
\BOOKMARK [3][-]{subsubsection.2.2.4}{\376\377\000D\000i\000s\000c\000u\000s\000s\000i\000o\000n\000e\000\040\000d\000e\000l\000l\000e\000\040\000[\000s\000e\000c\000:\000c\000o\000s\000]\000C\000o\000n\000d\000i\000t\000i\000o\000n\000s\000\040\000o\000f\000\040\000S\000a\000t\000i\000s\000f\000a\000c\000t\000i\000o\000n\000\040\000\050\000C\000o\000S\000\051\000\040\000\050\000a\000g\000.\000\040\0002\000\051}{subsection.2.2}% 8
\BOOKMARK [3][-]{subsubsection.2.2.5}{\376\377\000D\000e\000s\000c\000r\000i\000z\000i\000o\000n\000e\000\040\000d\000e\000l\000l\000o\000\040\000s\000t\000a\000t\000o\000\040\000c\000o\000r\000r\000e\000n\000t\000e\000\040\000[\000A\000S\000-\000I\000S\000]\000\040\000\050\000a\000g\000.\000\040\0003\000\051}{subsection.2.2}% 9
\BOOKMARK [3][-]{subsubsection.2.2.6}{\376\377\000R\000i\000n\000v\000i\000o\000\040\000a\000l\000l\000a\000\040\000s\000e\000s\000s\000i\000o\000n\000e\000\040\000s\000u\000c\000c\000e\000s\000s\000i\000v\000a}{subsection.2.2}% 10
\BOOKMARK [2][-]{subsection.2.3}{\376\377\000S\000e\000s\000s\000i\000o\000n\000e\000\040\0002\000\040\000\050\0001\0003\000\040\000G\000e\000n\000n\000a\000i\000o\000\040\0002\0000\0002\0006\000\051}{section.2}% 11
\BOOKMARK [3][-]{subsubsection.2.3.1}{\376\377\000I\000n\000t\000r\000o\000d\000u\000z\000i\000o\000n\000e}{subsection.2.3}% 12
\BOOKMARK [3][-]{subsubsection.2.3.2}{\376\377\000S\000c\000o\000p\000o\000\040\000d\000e\000l\000l\000a\000\040\000S\000e\000s\000s\000i\000o\000n\000e}{subsection.2.3}% 13
\BOOKMARK [3][-]{subsubsection.2.3.3}{\376\377\000D\000e\000s\000c\000r\000i\000z\000i\000o\000n\000e\000\040\000d\000e\000l\000\040\000p\000r\000o\000b\000l\000e\000m\000a\000\040\000o\000\040\000d\000e\000l\000l\000a\000\040\000b\000u\000s\000i\000n\000e\000s\000s\000\040\000o\000p\000p\000o\000r\000t\000u\000n\000i\000t\000y\000\040\000\050\000a\000g\000.\000\040\0004\000\051}{subsection.2.3}% 14
\BOOKMARK [3][-]{subsubsection.2.3.4}{\376\377\000A\000n\000a\000l\000i\000s\000i\000\040\000[\000s\000e\000c\000:\000s\000w\000o\000t\000]\000S\000W\000O\000T\000\040\000\050\000a\000g\000.\000\040\0005\000\051}{subsection.2.3}% 15
\BOOKMARK [3][-]{subsubsection.2.3.5}{\376\377\000D\000e\000s\000c\000r\000i\000z\000i\000o\000n\000e\000\040\000d\000e\000l\000l\000o\000\040\000s\000t\000a\000t\000o\000\040\000f\000i\000n\000a\000l\000e\000\040\000c\000h\000e\000\040\000s\000i\000\040\000v\000u\000o\000l\000e\000\040\000r\000a\000g\000g\000i\000u\000n\000g\000e\000r\000e\000\040\000[\000T\000O\000-\000B\000E\000]\000\040\000\050\000a\000g\000.\0006\000\051}{subsection.2.3}% 16
\BOOKMARK [3][-]{subsubsection.2.3.6}{\376\377\000D\000e\000s\000c\000r\000i\000z\000i\000o\000n\000e\000\040\000d\000e\000l\000l\000e\000\040\000c\000a\000r\000a\000t\000t\000e\000r\000i\000s\000t\000i\000c\000h\000e\000\040\000d\000e\000s\000i\000d\000e\000r\000a\000b\000i\000l\000i\000\040\000[\000N\000I\000C\000E\000-\000T\000O\000-\000H\000A\000V\000E\000]\000\040\000\050\000a\000g\000.\000\040\0007\000\051}{subsection.2.3}% 17
\BOOKMARK [3][-]{subsubsection.2.3.7}{\376\377\000R\000e\000v\000i\000s\000i\000o\000n\000e\000\040\000d\000e\000l\000\040\000[\000s\000e\000c\000:\000b\000m\000o\000d\000e\000l\000]\000B\000u\000s\000i\000n\000e\000s\000s\000\040\000M\000o\000d\000e\000l\000\040\000\050\000a\000g\000.\000\040\0008\000\051}{subsection.2.3}% 18
\BOOKMARK [3][-]{subsubsection.2.3.8}{\376\377\000R\000i\000n\000v\000i\000o\000\040\000a\000l\000l\000a\000\040\000s\000e\000s\000s\000i\000o\000n\000e\000\040\000s\000u\000c\000c\000e\000s\000s\000i\000v\000a}{subsection.2.3}% 19
\BOOKMARK [2][-]{subsection.2.4}{\376\377\000S\000e\000s\000s\000i\000o\000n\000e\000\040\0003\000\040\000\050\0001\0009\000\040\000G\000e\000n\000n\000a\000i\000o\000\040\0002\0000\0002\0006\000\051}{section.2}% 20
\BOOKMARK [3][-]{subsubsection.2.4.1}{\376\377\000I\000n\000t\000r\000o\000d\000u\000z\000i\000o\000n\000e}{subsection.2.4}% 21
\BOOKMARK [3][-]{subsubsection.2.4.2}{\376\377\000S\000c\000o\000p\000o\000\040\000d\000e\000l\000l\000a\000\040\000S\000e\000s\000s\000i\000o\000n\000e}{subsection.2.4}% 22
\BOOKMARK [3][-]{subsubsection.2.4.3}{\376\377\000D\000e\000f\000i\000n\000i\000z\000i\000o\000n\000e\000\040\000d\000e\000i\000\040\000r\000e\000q\000u\000i\000s\000i\000t\000i\000\040\000e\000\040\000d\000o\000c\000u\000m\000e\000n\000t\000a\000z\000i\000o\000n\000e\000\040\000\050\000a\000g\000.\000\040\0009\000\051}{subsection.2.4}% 23
\BOOKMARK [3][-]{subsubsection.2.4.4}{\376\377\000S\000c\000e\000l\000t\000a\000\040\000d\000e\000l\000l\040\031\000a\000p\000p\000r\000o\000c\000c\000i\000o\000\040\000p\000e\000r\000\040\000g\000e\000s\000t\000i\000r\000e\000\040\000i\000l\000\040\000p\000r\000o\000g\000e\000t\000t\000o\000\040\000\050\000P\000M\000L\000C\000\040\000m\000o\000d\000e\000l\000\051\000\040\000\050\000a\000g\000.\000\040\0001\0000\000\051}{subsection.2.4}% 24
\BOOKMARK [3][-]{subsubsection.2.4.5}{\376\377\000B\000o\000z\000z\000a\000\040\000e\000\040\000a\000p\000p\000r\000o\000v\000a\000z\000i\000o\000n\000e\000\040\000d\000e\000l\000\040\000[\000s\000e\000c\000:\000p\000o\000s\000]\000P\000O\000S\000\040\000\050\000a\000g\000.\000\040\0001\0001\000\051}{subsection.2.4}% 25
\BOOKMARK [3][-]{subsubsection.2.4.6}{\376\377\000R\000i\000n\000v\000i\000o\000\040\000a\000l\000l\000a\000\040\000s\000e\000s\000s\000i\000o\000n\000e\000\040\000s\000u\000c\000c\000e\000s\000s\000i\000v\000a}{subsection.2.4}% 26
\BOOKMARK [2][-]{subsection.2.5}{\376\377\000S\000e\000s\000s\000i\000o\000n\000e\000\040\0004\000\040\000\050\0002\0000\000\040\000G\000e\000n\000n\000a\000i\000o\000\040\0002\0000\0002\0006\000\051\000\040}{section.2}% 27
\BOOKMARK [3][-]{subsubsection.2.5.1}{\376\377\000I\000n\000t\000r\000o\000d\000u\000z\000i\000o\000n\000e}{subsection.2.5}% 28
\BOOKMARK [3][-]{subsubsection.2.5.2}{\376\377\000S\000c\000o\000p\000o\000\040\000d\000e\000l\000l\000a\000\040\000S\000e\000s\000s\000i\000o\000n\000e}{subsection.2.5}% 29
\BOOKMARK [3][-]{subsubsection.2.5.3}{\376\377\000B\000o\000z\000z\000a\000\040\000e\000\040\000a\000p\000p\000r\000o\000v\000a\000z\000i\000o\000n\000e\000\040\000d\000e\000l\000\040\000[\000s\000e\000c\000:\000p\000o\000s\000]\000P\000O\000S\000\040\000\050\000a\000g\000.\000\040\0001\0001\000\051}{subsection.2.5}% 30
\BOOKMARK [1][-]{section.3}{\376\377\000P\000l\000a\000n\000n\000i\000n\000g}{}% 31
\BOOKMARK [2][-]{subsection.3.1}{\376\377\000J\000o\000i\000n\000t\000\040\000P\000r\000o\000j\000e\000c\000t\000\040\000P\000l\000a\000n\000n\000i\000n\000g\000\040\000S\000e\000s\000s\000i\000o\000n\000s\000\040\000-\000\040\000A\000g\000e\000n\000d\000a}{section.3}% 32
\BOOKMARK [2][-]{subsection.3.2}{\376\377\000S\000e\000s\000s\000i\000o\000n\000e\000\040\0001\000\040\000\050\0002\0002\000\040\000G\000e\000n\000n\000a\000i\000o\000\040\0002\0000\0002\0006\000\051}{section.3}% 33
\BOOKMARK [3][-]{subsubsection.3.2.1}{\376\377\000V\000a\000l\000i\000d\000a\000z\000i\000o\000n\000e\000\040\000e\000\040\000p\000r\000i\000o\000r\000i\000t\000i\000z\000z\000a\000z\000i\000o\000n\000e\000\040\000d\000e\000i\000\040\000r\000e\000q\000u\000i\000s\000i\000t\000i\000\040\000\050\000a\000g\000.\000\040\0001\000\051}{subsection.3.2}% 34
\BOOKMARK [3][-]{subsubsection.3.2.2}{\376\377\000G\000e\000n\000e\000r\000a\000z\000i\000o\000n\000e\000\040\000e\000\040\000v\000a\000l\000i\000d\000a\000z\000i\000o\000n\000e\000\040\000d\000e\000l\000l\000a\000\040\000W\000o\000r\000k\000\040\000B\000r\000e\000a\000k\000d\000o\000w\000n\000\040\000S\000t\000r\000u\000c\000t\000u\000r\000e\000\040\000\050\000[\000s\000e\000c\000:\000w\000b\000s\000]\000W\000B\000S\000\051\000\040\000\050\000a\000g\000.\000\040\0002\000\051}{subsection.3.2}% 35
\BOOKMARK [3][-]{subsubsection.3.2.3}{\376\377\000S\000t\000i\000m\000a\000\040\000d\000e\000l\000l\000a\000\040\000q\000u\000a\000n\000t\000i\000t\000\340\000\040\000d\000i\000\040\000l\000a\000v\000o\000r\000o\000\040\000p\000e\000r\000\040\000c\000i\000a\000s\000c\000u\000n\000\040\000t\000a\000s\000k\000\040\000\050\000a\000g\000.\000\040\0003\000\051}{subsection.3.2}% 36
\BOOKMARK [3][-]{subsubsection.3.2.4}{\376\377\000S\000t\000i\000m\000a\000\040\000d\000e\000l\000l\000e\000\040\000r\000i\000s\000o\000r\000s\000e\000\040\000n\000e\000c\000e\000s\000s\000a\000r\000i\000e\000\040\000\050\000a\000g\000.\000\040\0004\000\051}{subsection.3.2}% 37
\BOOKMARK [3][-]{subsubsection.3.2.5}{\376\377\000S\000t\000i\000m\000a\000\040\000d\000e\000l\000l\000a\000\040\000d\000u\000r\000a\000t\000a\000\040\000d\000i\000\040\000c\000i\000a\000s\000c\000u\000n\000\040\000t\000a\000s\000k\000\040\000\050\000a\000g\000.\000\040\0005\000\051}{subsection.3.2}% 38
\BOOKMARK [3][-]{subsubsection.3.2.6}{\376\377\000S\000t\000i\000m\000a\000\040\000d\000e\000i\000\040\000c\000o\000s\000t\000i\000\040\000d\000i\000\040\000p\000r\000o\000g\000e\000t\000t\000o\000\040\000e\000\040\000a\000l\000l\000o\000c\000a\000z\000i\000o\000n\000e\000\040\000d\000e\000l\000\040\000b\000u\000d\000g\000e\000t\000\040\000\050\000a\000g\000.\000\040\0006\000\051}{subsection.3.2}% 39
\BOOKMARK [3][-]{subsubsection.3.2.7}{\376\377\000V\000a\000l\000u\000t\000a\000z\000i\000o\000n\000e\000\040\000d\000e\000i\000\040\000r\000i\000s\000c\000h\000i\000\040\000e\000\040\000d\000e\000f\000i\000n\000i\000z\000i\000o\000n\000e\000\040\000d\000e\000i\000\040\000r\000e\000l\000a\000t\000i\000v\000i\000\040\000p\000i\000a\000n\000i\000\040\000d\000i\000\040\000m\000i\000t\000i\000g\000a\000z\000i\000o\000n\000e\000\040\000\050\000a\000g\000.\000\040\0007\000\051}{subsection.3.2}% 40
\BOOKMARK [2][-]{subsection.3.3}{\376\377\000S\000e\000s\000s\000i\000o\000n\000e\000\040\0002\000\040\000\050\0002\0006\000\040\000G\000e\000n\000n\000a\000i\000o\000\040\0002\0000\0002\0006\000\051}{section.3}% 41
\BOOKMARK [3][-]{subsubsection.3.3.1}{\376\377\000I\000d\000e\000n\000t\000i\000f\000i\000c\000a\000z\000i\000o\000n\000e\000\040\000d\000e\000l\000l\000e\000\040\000d\000i\000p\000e\000n\000d\000e\000n\000z\000e\000\040\000t\000r\000a\000\040\000i\000\040\000t\000a\000s\000k\000\040\000\050\000a\000g\000.\000\040\0008\000\051}{subsection.3.3}% 42
\BOOKMARK [3][-]{subsubsection.3.3.2}{\376\377\000I\000d\000e\000n\000t\000i\000f\000i\000c\000a\000z\000i\000o\000n\000e\000\040\000d\000e\000l\000l\000e\000\040\000m\000i\000l\000e\000s\000t\000o\000n\000e\000\040\000d\000i\000\040\000p\000r\000o\000g\000e\000t\000t\000o\000\040\000\050\000a\000g\000.\000\040\0009\000\051}{subsection.3.3}% 43
\BOOKMARK [3][-]{subsubsection.3.3.3}{\376\377\000C\000o\000s\000t\000r\000u\000z\000i\000o\000n\000e\000\040\000d\000e\000l\000l\000a\000\040\000s\000c\000h\000e\000d\000u\000l\000a\000\040\000d\000i\000\040\000p\000r\000o\000g\000e\000t\000t\000o\000\040\000e\000\040\000d\000e\000l\000\040\000d\000i\000a\000g\000r\000a\000m\000m\000a\000\040\000d\000i\000\040\000[\000s\000e\000c\000:\000g\000a\000n\000t\000t\000]\000G\000a\000n\000t\000t\000\040\000\050\000a\000g\000.\000\040\0001\0000\000\051}{subsection.3.3}% 44
\BOOKMARK [3][-]{subsubsection.3.3.4}{\376\377\000A\000s\000s\000e\000g\000n\000a\000z\000i\000o\000n\000e\000\040\000d\000e\000l\000l\000e\000\040\000r\000i\000s\000o\000r\000s\000e\000\040\000a\000i\000\040\000t\000a\000s\000k\000\040\000\050\000a\000g\000.\000\040\0001\0001\000\051}{subsection.3.3}% 45
\BOOKMARK [3][-]{subsubsection.3.3.5}{\376\377\000V\000a\000l\000i\000d\000a\000z\000i\000o\000n\000e\000\040\000e\000\040\000a\000p\000p\000r\000o\000v\000a\000z\000i\000o\000n\000e\000\040\000d\000e\000l\000\040\000p\000i\000a\000n\000o\000\040\000d\000a\000\040\000p\000a\000r\000t\000e\000\040\000d\000i\000\040\000t\000u\000t\000t\000i\000\040\000i\000\040\000p\000a\000r\000t\000e\000c\000i\000p\000a\000n\000t\000i\000\040\000\050\000a\000g\000.\000\040\0001\0002\000\051}{subsection.3.3}% 46
\BOOKMARK [1][-]{section.4}{\376\377\000L\000a\000u\000n\000c\000h\000i\000n\000g\000\040\000/\000\040\000E\000x\000e\000c\000u\000t\000i\000n\000g}{}% 47
\BOOKMARK [2][-]{subsection.4.1}{\376\377\000K\000i\000c\000k\000-\000o\000f\000f\000\040\000m\000e\000e\000t\000i\000n\000g\000\040\000-\000\040\000A\000g\000e\000n\000d\000a}{section.4}% 48
\BOOKMARK [3][-]{subsubsection.4.1.1}{\376\377\000R\000i\000c\000h\000i\000a\000m\000o\000\040\000d\000e\000l\000\040\000[\000s\000e\000c\000:\000p\000o\000s\000]\000P\000O\000S\000\040\000e\000\040\000f\000o\000c\000u\000s\000\040\000s\000u\000\040\000d\000e\000l\000i\000v\000e\000r\000a\000b\000l\000e\000\040\000e\000\040\000m\000i\000l\000e\000s\000t\000o\000n\000e\000\040\000d\000e\000l\000\040\000p\000r\000o\000g\000e\000t\000t\000o\000\040\000\050\000a\000g\000.\000\040\0001\000\051}{subsection.4.1}% 49
\BOOKMARK [3][-]{subsubsection.4.1.2}{\376\377\000A\000s\000s\000e\000g\000n\000a\000z\000i\000o\000n\000e\000\040\000d\000e\000l\000l\000e\000\040\000r\000e\000s\000p\000o\000n\000s\000a\000b\000i\000l\000i\000t\000\340\000\040\000o\000p\000e\000r\000a\000t\000i\000v\000e\000\040\000\050\000a\000g\000.\000\040\0002\000\051}{subsection.4.1}% 50
\BOOKMARK [3][-]{subsubsection.4.1.3}{\376\377\000D\000e\000f\000i\000n\000i\000z\000i\000o\000n\000e\000\040\000d\000e\000l\000l\000e\000\040\000r\000e\000g\000o\000l\000e\000\040\000o\000p\000e\000r\000a\000t\000i\000v\000e\000\040\000d\000e\000l\000\040\000t\000e\000a\000m\000\040\000\050\000a\000g\000.\000\040\0003\000\051}{subsection.4.1}% 51
\BOOKMARK [3][-]{subsubsection.4.1.4}{\376\377\000G\000e\000s\000t\000i\000o\000n\000e\000\040\000d\000e\000i\000\040\000c\000a\000m\000b\000i\000a\000m\000e\000n\000t\000i\000\040\000d\000i\000\040\000s\000c\000o\000p\000e\000\040\000\050\000a\000g\000.\000\040\0004\000\051}{subsection.4.1}% 52
\BOOKMARK [1][-]{section.5}{\376\377\000M\000o\000n\000i\000t\000o\000r\000i\000n\000g\000\040\000\046\000\040\000C\000o\000n\000t\000r\000o\000l\000l\000i\000n\000g}{}% 53
\BOOKMARK [2][-]{subsection.5.1}{\376\377\000S\000i\000s\000t\000e\000m\000a\000\040\000d\000i\000\040\000r\000e\000p\000o\000r\000t\000i\000n\000g}{section.5}% 54
\BOOKMARK [2][-]{subsection.5.2}{\376\377\000I\000s\000s\000u\000e\000s\000\040\000L\000o\000g}{section.5}% 55
\BOOKMARK [1][-]{section.6}{\376\377\000C\000l\000o\000s\000i\000n\000g}{}% 56
\BOOKMARK [2][-]{subsection.6.1}{\376\377\000A\000c\000c\000e\000t\000t\000a\000z\000i\000o\000n\000e\000\040\000d\000e\000l\000\040\000p\000r\000o\000g\000e\000t\000t\000o}{section.6}% 57
\BOOKMARK [2][-]{subsection.6.2}{\376\377\000R\000i\000l\000a\000s\000c\000i\000o\000\040\000d\000e\000l\000l\000a\000\040\000s\000o\000l\000u\000z\000i\000o\000n\000e}{section.6}% 58
\BOOKMARK [2][-]{subsection.6.3}{\376\377\000D\000o\000c\000u\000m\000e\000n\000t\000a\000z\000i\000o\000n\000e}{section.6}% 59
\BOOKMARK [2][-]{subsection.6.4}{\376\377\000F\000i\000n\000a\000l\000\040\000P\000r\000o\000j\000e\000c\000t\000\040\000R\000e\000p\000o\000r\000t}{section.6}% 60
\BOOKMARK [2][-]{subsection.6.5}{\376\377\000P\000o\000s\000t\000-\000I\000m\000p\000l\000e\000m\000e\000n\000t\000a\000t\000i\000o\000n\000\040\000A\000u\000d\000i\000t}{section.6}% 61
\BOOKMARK [1][-]{section*.2}{\376\377\000C\000o\000n\000d\000i\000t\000i\000o\000n\000s\000\040\000o\000f\000\040\000S\000a\000t\000i\000s\000f\000a\000c\000t\000i\000o\000n}{}% 62
\BOOKMARK [1][-]{section*.3}{\376\377\000A\000n\000a\000l\000i\000s\000i\000\040\000S\000W\000O\000T}{}% 63
\BOOKMARK [1][-]{section*.4}{\376\377\000B\000u\000s\000i\000n\000e\000s\000s\000\040\000M\000o\000d\000e\000l}{}% 64
\BOOKMARK [1][-]{section*.5}{\376\377\000R\000e\000s\000o\000u\000r\000c\000e\000\040\000B\000r\000e\000a\000k\000d\000o\000w\000n\000\040\000S\000t\000r\000u\000c\000t\000u\000r\000e\000\040\000\050\000R\000B\000S\000\051}{}% 65
\BOOKMARK [1][-]{section*.6}{\376\377\000P\000r\000o\000j\000e\000c\000t\000\040\000O\000v\000e\000r\000v\000i\000e\000w\000\040\000S\000t\000a\000t\000e\000m\000e\000n\000t}{}% 66
\BOOKMARK [1][-]{section*.7}{\376\377\000W\000o\000r\000k\000\040\000B\000r\000e\000a\000k\000d\000o\000w\000n\000\040\000S\000t\000r\000u\000c\000t\000u\000r\000e\000\040\000\050\000W\000B\000S\000\051}{}% 67
\BOOKMARK [1][-]{section*.8}{\376\377\000S\000t\000i\000m\000e\000\040\000d\000i\000\040\000E\000f\000f\000o\000r\000t\000\040\000\050\000W\000i\000d\000e\000b\000a\000n\000d\000\040\000D\000e\000l\000p\000h\000i\000\051}{}% 68
\BOOKMARK [1][-]{section*.9}{\376\377\000T\000a\000b\000e\000l\000l\000a\000\040\000A\000l\000l\000o\000c\000a\000z\000i\000o\000n\000e\000\040\000B\000u\000d\000g\000e\000t}{}% 69
\BOOKMARK [1][-]{section*.10}{\376\377\000R\000i\000s\000k\000\040\000R\000e\000g\000i\000s\000t\000e\000r}{}% 70
\BOOKMARK [1][-]{section*.11}{\376\377\000P\000i\000a\000n\000o\000\040\000d\000e\000l\000l\000e\000\040\000A\000t\000t\000i\000v\000i\000t\000a\000\040\000e\000\040\000D\000i\000a\000g\000r\000a\000m\000m\000a\000\040\000d\000i\000\040\000G\000a\000n\000t\000t}{}% 71
